{"total": {"lines":{"total":761,"covered":631,"skipped":0,"pct":82.91},"statements":{"total":782,"covered":639,"skipped":0,"pct":81.71},"functions":{"total":102,"covered":80,"skipped":0,"pct":78.43},"branches":{"total":452,"covered":255,"skipped":0,"pct":56.41},"branchesTrue":{"total":0,"covered":0,"skipped":0,"pct":100}}
,"/home/gmzcodes/projects/clabs/KMS-server-new/src/lib/operations/common.types.ts": {"lines":{"total":3,"covered":3,"skipped":0,"pct":100},"functions":{"total":0,"covered":0,"skipped":0,"pct":100},"statements":{"total":3,"covered":3,"skipped":0,"pct":100},"branches":{"total":0,"covered":0,"skipped":0,"pct":100}}
,"/home/gmzcodes/projects/clabs/KMS-server-new/src/lib/operations/common.validation.ts": {"lines":{"total":12,"covered":12,"skipped":0,"pct":100},"functions":{"total":3,"covered":3,"skipped":0,"pct":100},"statements":{"total":12,"covered":12,"skipped":0,"pct":100},"branches":{"total":4,"covered":4,"skipped":0,"pct":100}}
,"/home/gmzcodes/projects/clabs/KMS-server-new/src/lib/operations/activate-keys/activate-keys.ts": {"lines":{"total":20,"covered":20,"skipped":0,"pct":100},"functions":{"total":1,"covered":1,"skipped":0,"pct":100},"statements":{"total":20,"covered":20,"skipped":0,"pct":100},"branches":{"total":17,"covered":9,"skipped":0,"pct":52.94}}
,"/home/gmzcodes/projects/clabs/KMS-server-new/src/lib/operations/create-user/create-user.handler.ts": {"lines":{"total":15,"covered":15,"skipped":0,"pct":100},"functions":{"total":2,"covered":2,"skipped":0,"pct":100},"statements":{"total":15,"covered":15,"skipped":0,"pct":100},"branches":{"total":6,"covered":6,"skipped":0,"pct":100}}
,"/home/gmzcodes/projects/clabs/KMS-server-new/src/lib/operations/create-user/create-user.ts": {"lines":{"total":26,"covered":26,"skipped":0,"pct":100},"functions":{"total":2,"covered":2,"skipped":0,"pct":100},"statements":{"total":27,"covered":26,"skipped":0,"pct":96.29},"branches":{"total":17,"covered":14,"skipped":0,"pct":82.35}}
,"/home/gmzcodes/projects/clabs/KMS-server-new/src/lib/operations/create-user/create-user.utils.ts": {"lines":{"total":41,"covered":41,"skipped":0,"pct":100},"functions":{"total":8,"covered":8,"skipped":0,"pct":100},"statements":{"total":41,"covered":41,"skipped":0,"pct":100},"branches":{"total":6,"covered":6,"skipped":0,"pct":100}}
,"/home/gmzcodes/projects/clabs/KMS-server-new/src/lib/operations/create-user/create-user.validation.ts": {"lines":{"total":13,"covered":13,"skipped":0,"pct":100},"functions":{"total":1,"covered":1,"skipped":0,"pct":100},"statements":{"total":13,"covered":13,"skipped":0,"pct":100},"branches":{"total":3,"covered":3,"skipped":0,"pct":100}}
,"/home/gmzcodes/projects/clabs/KMS-server-new/src/lib/operations/decrypt/decrypt.handler.ts": {"lines":{"total":18,"covered":18,"skipped":0,"pct":100},"functions":{"total":2,"covered":2,"skipped":0,"pct":100},"statements":{"total":18,"covered":18,"skipped":0,"pct":100},"branches":{"total":2,"covered":2,"skipped":0,"pct":100}}
,"/home/gmzcodes/projects/clabs/KMS-server-new/src/lib/operations/decrypt/decrypt.ts": {"lines":{"total":14,"covered":12,"skipped":0,"pct":85.71},"functions":{"total":1,"covered":1,"skipped":0,"pct":100},"statements":{"total":14,"covered":12,"skipped":0,"pct":85.71},"branches":{"total":1,"covered":0,"skipped":0,"pct":0}}
,"/home/gmzcodes/projects/clabs/KMS-server-new/src/lib/operations/decrypt/decrypt.validation.ts": {"lines":{"total":14,"covered":14,"skipped":0,"pct":100},"functions":{"total":1,"covered":1,"skipped":0,"pct":100},"statements":{"total":15,"covered":14,"skipped":0,"pct":93.33},"branches":{"total":2,"covered":1,"skipped":0,"pct":50}}
,"/home/gmzcodes/projects/clabs/KMS-server-new/src/lib/operations/encrypt/encrypt.handler.ts": {"lines":{"total":18,"covered":18,"skipped":0,"pct":100},"functions":{"total":2,"covered":2,"skipped":0,"pct":100},"statements":{"total":18,"covered":18,"skipped":0,"pct":100},"branches":{"total":2,"covered":2,"skipped":0,"pct":100}}
,"/home/gmzcodes/projects/clabs/KMS-server-new/src/lib/operations/encrypt/encrypt.ts": {"lines":{"total":14,"covered":12,"skipped":0,"pct":85.71},"functions":{"total":1,"covered":1,"skipped":0,"pct":100},"statements":{"total":14,"covered":12,"skipped":0,"pct":85.71},"branches":{"total":1,"covered":0,"skipped":0,"pct":0}}
,"/home/gmzcodes/projects/clabs/KMS-server-new/src/lib/operations/encrypt/encrypt.validation.ts": {"lines":{"total":14,"covered":14,"skipped":0,"pct":100},"functions":{"total":1,"covered":1,"skipped":0,"pct":100},"statements":{"total":15,"covered":14,"skipped":0,"pct":93.33},"branches":{"total":2,"covered":1,"skipped":0,"pct":50}}
,"/home/gmzcodes/projects/clabs/KMS-server-new/src/lib/operations/sign/sign.handler.ts": {"lines":{"total":18,"covered":18,"skipped":0,"pct":100},"functions":{"total":2,"covered":2,"skipped":0,"pct":100},"statements":{"total":18,"covered":18,"skipped":0,"pct":100},"branches":{"total":2,"covered":2,"skipped":0,"pct":100}}
,"/home/gmzcodes/projects/clabs/KMS-server-new/src/lib/operations/sign/sign.ts": {"lines":{"total":14,"covered":12,"skipped":0,"pct":85.71},"functions":{"total":1,"covered":1,"skipped":0,"pct":100},"statements":{"total":14,"covered":12,"skipped":0,"pct":85.71},"branches":{"total":1,"covered":0,"skipped":0,"pct":0}}
,"/home/gmzcodes/projects/clabs/KMS-server-new/src/lib/operations/sign/sign.validation.ts": {"lines":{"total":13,"covered":13,"skipped":0,"pct":100},"functions":{"total":1,"covered":1,"skipped":0,"pct":100},"statements":{"total":13,"covered":13,"skipped":0,"pct":100},"branches":{"total":3,"covered":3,"skipped":0,"pct":100}}
,"/home/gmzcodes/projects/clabs/KMS-server-new/src/lib/server/server.constants.ts": {"lines":{"total":9,"covered":9,"skipped":0,"pct":100},"functions":{"total":1,"covered":1,"skipped":0,"pct":100},"statements":{"total":9,"covered":9,"skipped":0,"pct":100},"branches":{"total":2,"covered":2,"skipped":0,"pct":100}}
,"/home/gmzcodes/projects/clabs/KMS-server-new/src/lib/server/config/config.utils.ts": {"lines":{"total":136,"covered":131,"skipped":0,"pct":96.32},"functions":{"total":6,"covered":6,"skipped":0,"pct":100},"statements":{"total":137,"covered":132,"skipped":0,"pct":96.35},"branches":{"total":152,"covered":96,"skipped":0,"pct":63.15}}
,"/home/gmzcodes/projects/clabs/KMS-server-new/src/lib/server/errors/error.ts": {"lines":{"total":33,"covered":21,"skipped":0,"pct":63.63},"functions":{"total":4,"covered":2,"skipped":0,"pct":50},"statements":{"total":34,"covered":21,"skipped":0,"pct":61.76},"branches":{"total":23,"covered":8,"skipped":0,"pct":34.78}}
,"/home/gmzcodes/projects/clabs/KMS-server-new/src/lib/server/errors/errors.utils.ts": {"lines":{"total":12,"covered":6,"skipped":0,"pct":50},"functions":{"total":2,"covered":1,"skipped":0,"pct":50},"statements":{"total":12,"covered":6,"skipped":0,"pct":50},"branches":{"total":5,"covered":1,"skipped":0,"pct":20}}
,"/home/gmzcodes/projects/clabs/KMS-server-new/src/lib/utils/auth/auth0.utils.ts": {"lines":{"total":47,"covered":12,"skipped":0,"pct":25.53},"functions":{"total":5,"covered":0,"skipped":0,"pct":0},"statements":{"total":48,"covered":12,"skipped":0,"pct":25},"branches":{"total":15,"covered":0,"skipped":0,"pct":0}}
,"/home/gmzcodes/projects/clabs/KMS-server-new/src/lib/utils/kms/google-kms.utils.ts": {"lines":{"total":33,"covered":33,"skipped":0,"pct":100},"functions":{"total":9,"covered":9,"skipped":0,"pct":100},"statements":{"total":34,"covered":34,"skipped":0,"pct":100},"branches":{"total":13,"covered":11,"skipped":0,"pct":84.61}}
,"/home/gmzcodes/projects/clabs/KMS-server-new/src/lib/utils/kms/kmsClient.ts": {"lines":{"total":27,"covered":11,"skipped":0,"pct":40.74},"functions":{"total":2,"covered":0,"skipped":0,"pct":0},"statements":{"total":28,"covered":11,"skipped":0,"pct":39.28},"branches":{"total":11,"covered":4,"skipped":0,"pct":36.36}}
,"/home/gmzcodes/projects/clabs/KMS-server-new/src/lib/utils/kms/localKeyManagementServiceClient.ts": {"lines":{"total":90,"covered":80,"skipped":0,"pct":88.88},"functions":{"total":20,"covered":18,"skipped":0,"pct":90},"statements":{"total":90,"covered":80,"skipped":0,"pct":88.88},"branches":{"total":100,"covered":49,"skipped":0,"pct":49}}
,"/home/gmzcodes/projects/clabs/KMS-server-new/src/lib/utils/lib/address/address.utils.ts": {"lines":{"total":4,"covered":3,"skipped":0,"pct":75},"functions":{"total":1,"covered":0,"skipped":0,"pct":0},"statements":{"total":4,"covered":3,"skipped":0,"pct":75},"branches":{"total":0,"covered":0,"skipped":0,"pct":100}}
,"/home/gmzcodes/projects/clabs/KMS-server-new/src/lib/utils/lib/binary-data-types/binary-data-types.utils.ts": {"lines":{"total":35,"covered":27,"skipped":0,"pct":77.14},"functions":{"total":8,"covered":7,"skipped":0,"pct":87.5},"statements":{"total":36,"covered":28,"skipped":0,"pct":77.77},"branches":{"total":18,"covered":10,"skipped":0,"pct":55.55}}
,"/home/gmzcodes/projects/clabs/KMS-server-new/src/lib/utils/lib/hash/hash.utils.ts": {"lines":{"total":3,"covered":1,"skipped":0,"pct":33.33},"functions":{"total":1,"covered":0,"skipped":0,"pct":0},"statements":{"total":3,"covered":1,"skipped":0,"pct":33.33},"branches":{"total":1,"covered":0,"skipped":0,"pct":0}}
,"/home/gmzcodes/projects/clabs/KMS-server-new/src/lib/utils/lib/legacy-serialized-buffers/legacy-serialized-buffer.utils.ts": {"lines":{"total":16,"covered":14,"skipped":0,"pct":87.5},"functions":{"total":5,"covered":3,"skipped":0,"pct":60},"statements":{"total":17,"covered":14,"skipped":0,"pct":82.35},"branches":{"total":12,"covered":11,"skipped":0,"pct":91.66}}
,"/home/gmzcodes/projects/clabs/KMS-server-new/src/lib/utils/log/log.utils.ts": {"lines":{"total":23,"covered":14,"skipped":0,"pct":60.86},"functions":{"total":5,"covered":3,"skipped":0,"pct":60},"statements":{"total":29,"covered":17,"skipped":0,"pct":58.62},"branches":{"total":26,"covered":9,"skipped":0,"pct":34.61}}
,"/home/gmzcodes/projects/clabs/KMS-server-new/src/lib/utils/slack/slack.utils.ts": {"lines":{"total":25,"covered":7,"skipped":0,"pct":28},"functions":{"total":2,"covered":1,"skipped":0,"pct":50},"statements":{"total":27,"covered":8,"skipped":0,"pct":29.62},"branches":{"total":5,"covered":1,"skipped":0,"pct":20}}
,"/home/gmzcodes/projects/clabs/KMS-server-new/src/lib/utils/tools/delay.ts": {"lines":{"total":1,"covered":1,"skipped":0,"pct":100},"functions":{"total":2,"covered":0,"skipped":0,"pct":0},"statements":{"total":4,"covered":2,"skipped":0,"pct":50},"branches":{"total":0,"covered":0,"skipped":0,"pct":100}}
}
