{"total": {"lines":{"total":553,"covered":470,"skipped":0,"pct":84.99},"statements":{"total":564,"covered":474,"skipped":0,"pct":84.04},"functions":{"total":81,"covered":59,"skipped":0,"pct":72.83},"branches":{"total":364,"covered":174,"skipped":0,"pct":47.8},"branchesTrue":{"total":0,"covered":0,"skipped":0,"pct":100}}
,"/home/gmzcodes/projects/clabs/KMS-server-new/src/lib/operations/common.types.ts": {"lines":{"total":16,"covered":16,"skipped":0,"pct":100},"functions":{"total":4,"covered":4,"skipped":0,"pct":100},"statements":{"total":16,"covered":16,"skipped":0,"pct":100},"branches":{"total":11,"covered":10,"skipped":0,"pct":90.9}}
,"/home/gmzcodes/projects/clabs/KMS-server-new/src/lib/operations/common.validation.ts": {"lines":{"total":12,"covered":12,"skipped":0,"pct":100},"functions":{"total":3,"covered":3,"skipped":0,"pct":100},"statements":{"total":12,"covered":12,"skipped":0,"pct":100},"branches":{"total":4,"covered":4,"skipped":0,"pct":100}}
,"/home/gmzcodes/projects/clabs/KMS-server-new/src/lib/operations/decrypt/decrypt.handler.ts": {"lines":{"total":18,"covered":18,"skipped":0,"pct":100},"functions":{"total":2,"covered":2,"skipped":0,"pct":100},"statements":{"total":18,"covered":18,"skipped":0,"pct":100},"branches":{"total":2,"covered":2,"skipped":0,"pct":100}}
,"/home/gmzcodes/projects/clabs/KMS-server-new/src/lib/operations/decrypt/decrypt.ts": {"lines":{"total":14,"covered":12,"skipped":0,"pct":85.71},"functions":{"total":1,"covered":1,"skipped":0,"pct":100},"statements":{"total":14,"covered":12,"skipped":0,"pct":85.71},"branches":{"total":1,"covered":0,"skipped":0,"pct":0}}
,"/home/gmzcodes/projects/clabs/KMS-server-new/src/lib/operations/decrypt/decrypt.validation.ts": {"lines":{"total":14,"covered":14,"skipped":0,"pct":100},"functions":{"total":1,"covered":1,"skipped":0,"pct":100},"statements":{"total":15,"covered":14,"skipped":0,"pct":93.33},"branches":{"total":2,"covered":1,"skipped":0,"pct":50}}
,"/home/gmzcodes/projects/clabs/KMS-server-new/src/lib/operations/encrypt/encrypt.handler.ts": {"lines":{"total":18,"covered":18,"skipped":0,"pct":100},"functions":{"total":2,"covered":2,"skipped":0,"pct":100},"statements":{"total":18,"covered":18,"skipped":0,"pct":100},"branches":{"total":2,"covered":2,"skipped":0,"pct":100}}
,"/home/gmzcodes/projects/clabs/KMS-server-new/src/lib/operations/encrypt/encrypt.ts": {"lines":{"total":14,"covered":12,"skipped":0,"pct":85.71},"functions":{"total":1,"covered":1,"skipped":0,"pct":100},"statements":{"total":14,"covered":12,"skipped":0,"pct":85.71},"branches":{"total":1,"covered":0,"skipped":0,"pct":0}}
,"/home/gmzcodes/projects/clabs/KMS-server-new/src/lib/operations/encrypt/encrypt.validation.ts": {"lines":{"total":14,"covered":14,"skipped":0,"pct":100},"functions":{"total":1,"covered":1,"skipped":0,"pct":100},"statements":{"total":15,"covered":14,"skipped":0,"pct":93.33},"branches":{"total":2,"covered":1,"skipped":0,"pct":50}}
,"/home/gmzcodes/projects/clabs/KMS-server-new/src/lib/operations/sign/sign.handler.ts": {"lines":{"total":18,"covered":18,"skipped":0,"pct":100},"functions":{"total":2,"covered":2,"skipped":0,"pct":100},"statements":{"total":18,"covered":18,"skipped":0,"pct":100},"branches":{"total":2,"covered":2,"skipped":0,"pct":100}}
,"/home/gmzcodes/projects/clabs/KMS-server-new/src/lib/operations/sign/sign.ts": {"lines":{"total":14,"covered":12,"skipped":0,"pct":85.71},"functions":{"total":1,"covered":1,"skipped":0,"pct":100},"statements":{"total":14,"covered":12,"skipped":0,"pct":85.71},"branches":{"total":1,"covered":0,"skipped":0,"pct":0}}
,"/home/gmzcodes/projects/clabs/KMS-server-new/src/lib/operations/sign/sign.validation.ts": {"lines":{"total":13,"covered":13,"skipped":0,"pct":100},"functions":{"total":1,"covered":1,"skipped":0,"pct":100},"statements":{"total":13,"covered":13,"skipped":0,"pct":100},"branches":{"total":3,"covered":3,"skipped":0,"pct":100}}
,"/home/gmzcodes/projects/clabs/KMS-server-new/src/lib/server/server.constants.ts": {"lines":{"total":9,"covered":9,"skipped":0,"pct":100},"functions":{"total":1,"covered":1,"skipped":0,"pct":100},"statements":{"total":9,"covered":9,"skipped":0,"pct":100},"branches":{"total":2,"covered":2,"skipped":0,"pct":100}}
,"/home/gmzcodes/projects/clabs/KMS-server-new/src/lib/server/config/config.utils.ts": {"lines":{"total":130,"covered":125,"skipped":0,"pct":96.15},"functions":{"total":6,"covered":6,"skipped":0,"pct":100},"statements":{"total":131,"covered":126,"skipped":0,"pct":96.18},"branches":{"total":144,"covered":92,"skipped":0,"pct":63.88}}
,"/home/gmzcodes/projects/clabs/KMS-server-new/src/lib/server/errors/error.ts": {"lines":{"total":33,"covered":21,"skipped":0,"pct":63.63},"functions":{"total":4,"covered":2,"skipped":0,"pct":50},"statements":{"total":34,"covered":21,"skipped":0,"pct":61.76},"branches":{"total":23,"covered":8,"skipped":0,"pct":34.78}}
,"/home/gmzcodes/projects/clabs/KMS-server-new/src/lib/server/errors/errors.utils.ts": {"lines":{"total":12,"covered":6,"skipped":0,"pct":50},"functions":{"total":2,"covered":1,"skipped":0,"pct":50},"statements":{"total":12,"covered":6,"skipped":0,"pct":50},"branches":{"total":5,"covered":1,"skipped":0,"pct":20}}
,"/home/gmzcodes/projects/clabs/KMS-server-new/src/lib/utils/arweave/arweaveUtils.ts": {"lines":{"total":34,"covered":22,"skipped":0,"pct":64.7},"functions":{"total":14,"covered":7,"skipped":0,"pct":50},"statements":{"total":34,"covered":22,"skipped":0,"pct":64.7},"branches":{"total":13,"covered":2,"skipped":0,"pct":15.38}}
,"/home/gmzcodes/projects/clabs/KMS-server-new/src/lib/utils/kms/google-kms.utils.ts": {"lines":{"total":33,"covered":33,"skipped":0,"pct":100},"functions":{"total":9,"covered":9,"skipped":0,"pct":100},"statements":{"total":34,"covered":34,"skipped":0,"pct":100},"branches":{"total":13,"covered":11,"skipped":0,"pct":84.61}}
,"/home/gmzcodes/projects/clabs/KMS-server-new/src/lib/utils/kms/kmsClient.ts": {"lines":{"total":27,"covered":11,"skipped":0,"pct":40.74},"functions":{"total":2,"covered":0,"skipped":0,"pct":0},"statements":{"total":28,"covered":11,"skipped":0,"pct":39.28},"branches":{"total":11,"covered":4,"skipped":0,"pct":36.36}}
,"/home/gmzcodes/projects/clabs/KMS-server-new/src/lib/utils/kms/localKeyManagementServiceClient.ts": {"lines":{"total":90,"covered":72,"skipped":0,"pct":80},"functions":{"total":20,"covered":12,"skipped":0,"pct":60},"statements":{"total":90,"covered":72,"skipped":0,"pct":80},"branches":{"total":100,"covered":23,"skipped":0,"pct":23}}
,"/home/gmzcodes/projects/clabs/KMS-server-new/src/lib/utils/log/log.utils.ts": {"lines":{"total":20,"covered":12,"skipped":0,"pct":60},"functions":{"total":4,"covered":2,"skipped":0,"pct":50},"statements":{"total":25,"covered":14,"skipped":0,"pct":56},"branches":{"total":22,"covered":6,"skipped":0,"pct":27.27}}
}
