{"/home/gmzcodes/projects/clabs/KMS-server-new/src/lib/operations/common.types.ts": {"path":"/home/gmzcodes/projects/clabs/KMS-server-new/src/lib/operations/common.types.ts","statementMap":{"0":{"start":{"line":36,"column":0},"end":{"line":36,"column":16}},"1":{"start":{"line":47,"column":0},"end":{"line":47,"column":16}},"2":{"start":{"line":64,"column":0},"end":{"line":64,"column":16}},"3":{"start":{"line":71,"column":0},"end":{"line":71,"column":16}},"4":{"start":{"line":2,"column":0},"end":{"line":2,"column":109}},"5":{"start":{"line":39,"column":2},"end":{"line":44,"column":4}},"6":{"start":{"line":51,"column":2},"end":{"line":55,"column":3}},"7":{"start":{"line":52,"column":4},"end":{"line":54,"column":33}},"8":{"start":{"line":57,"column":2},"end":{"line":59,"column":3}},"9":{"start":{"line":58,"column":4},"end":{"line":58,"column":37}},"10":{"start":{"line":61,"column":2},"end":{"line":61,"column":45}},"11":{"start":{"line":65,"column":2},"end":{"line":68,"column":null}},"12":{"start":{"line":72,"column":2},"end":{"line":72,"column":81}},"13":{"start":{"line":77,"column":13},"end":{"line":77,"column":139}},"14":{"start":{"line":81,"column":13},"end":{"line":81,"column":101}},"15":{"start":{"line":83,"column":13},"end":{"line":89,"column":11}}},"fnMap":{"0":{"name":"isLegacyBufferObject","decl":{"start":{"line":36,"column":16},"end":{"line":36,"column":36}},"loc":{"start":{"line":37,"column":36},"end":{"line":45,"column":1}}},"1":{"name":"normalizeBufferData","decl":{"start":{"line":47,"column":16},"end":{"line":47,"column":35}},"loc":{"start":{"line":49,"column":27},"end":{"line":62,"column":1}}},"2":{"name":"toLegacyBufferObject","decl":{"start":{"line":64,"column":16},"end":{"line":64,"column":36}},"loc":{"start":{"line":64,"column":55},"end":{"line":69,"column":1}}},"3":{"name":"normalizeKMSResponseData","decl":{"start":{"line":71,"column":16},"end":{"line":71,"column":40}},"loc":{"start":{"line":71,"column":65},"end":{"line":73,"column":1}}}},"branchMap":{"0":{"loc":{"start":{"line":40,"column":4},"end":{"line":43,"column":64}},"type":"binary-expr","locations":[{"start":{"line":40,"column":4},"end":{"line":40,"column":22}},{"start":{"line":41,"column":4},"end":{"line":41,"column":40}},{"start":{"line":42,"column":5},"end":{"line":42,"column":62}},{"start":{"line":43,"column":4},"end":{"line":43,"column":64}}]},"1":{"loc":{"start":{"line":49,"column":2},"end":{"line":49,"column":27}},"type":"default-arg","locations":[{"start":{"line":49,"column":22},"end":{"line":49,"column":27}}]},"2":{"loc":{"start":{"line":51,"column":2},"end":{"line":55,"column":3}},"type":"if","locations":[{"start":{"line":51,"column":2},"end":{"line":55,"column":3}}]},"3":{"loc":{"start":{"line":52,"column":11},"end":{"line":54,"column":32}},"type":"cond-expr","locations":[{"start":{"line":53,"column":8},"end":{"line":53,"column":57}},{"start":{"line":54,"column":8},"end":{"line":54,"column":32}}]},"4":{"loc":{"start":{"line":57,"column":2},"end":{"line":59,"column":3}},"type":"if","locations":[{"start":{"line":57,"column":2},"end":{"line":59,"column":3}}]},"5":{"loc":{"start":{"line":72,"column":9},"end":{"line":72,"column":80}},"type":"cond-expr","locations":[{"start":{"line":72,"column":35},"end":{"line":72,"column":58}},{"start":{"line":72,"column":61},"end":{"line":72,"column":80}}]}},"s":{"0":3,"1":3,"2":3,"3":3,"4":3,"5":11,"6":24,"7":13,"8":11,"9":8,"10":3,"11":6,"12":18,"13":3,"14":3,"15":3},"f":{"0":11,"1":24,"2":6,"3":18},"b":{"0":[11,11,11,8],"1":[6],"2":[13],"3":[12,1],"4":[8],"5":[0,18]}}
,"/home/gmzcodes/projects/clabs/KMS-server-new/src/lib/operations/common.validation.ts": {"path":"/home/gmzcodes/projects/clabs/KMS-server-new/src/lib/operations/common.validation.ts","statementMap":{"0":{"start":{"line":4,"column":0},"end":{"line":4,"column":16}},"1":{"start":{"line":17,"column":0},"end":{"line":17,"column":16}},"2":{"start":{"line":1,"column":0},"end":{"line":1,"column":37}},"3":{"start":{"line":7,"column":2},"end":{"line":14,"column":5}},"4":{"start":{"line":21,"column":2},"end":{"line":28,"column":5}},"5":{"start":{"line":32,"column":13},"end":{"line":46,"column":3}},"6":{"start":{"line":33,"column":2},"end":{"line":38,"column":3}},"7":{"start":{"line":34,"column":4},"end":{"line":37,"column":7}},"8":{"start":{"line":40,"column":2},"end":{"line":45,"column":3}},"9":{"start":{"line":41,"column":4},"end":{"line":44,"column":7}},"10":{"start":{"line":51,"column":13},"end":{"line":54,"column":3}},"11":{"start":{"line":56,"column":13},"end":{"line":60,"column":3}}},"fnMap":{"0":{"name":"extendLegacyBaseOperationIdTokenDataSchema","decl":{"start":{"line":4,"column":16},"end":{"line":4,"column":58}},"loc":{"start":{"line":5,"column":9},"end":{"line":15,"column":1}}},"1":{"name":"extendBaseOperationIdTokenDataSchema","decl":{"start":{"line":17,"column":16},"end":{"line":17,"column":52}},"loc":{"start":{"line":19,"column":9},"end":{"line":29,"column":1}}},"2":{"name":"(anonymous_2)","decl":{"start":{"line":32,"column":79},"end":{"line":32,"column":80}},"loc":{"start":{"line":32,"column":92},"end":{"line":46,"column":1}}}},"branchMap":{"0":{"loc":{"start":{"line":33,"column":2},"end":{"line":38,"column":3}},"type":"if","locations":[{"start":{"line":33,"column":2},"end":{"line":38,"column":3}}]},"1":{"loc":{"start":{"line":40,"column":2},"end":{"line":45,"column":3}},"type":"if","locations":[{"start":{"line":40,"column":2},"end":{"line":45,"column":3}}]},"2":{"loc":{"start":{"line":40,"column":6},"end":{"line":40,"column":62}},"type":"binary-expr","locations":[{"start":{"line":40,"column":6},"end":{"line":40,"column":32}},{"start":{"line":40,"column":36},"end":{"line":40,"column":62}}]}},"s":{"0":4,"1":4,"2":4,"3":3,"4":4,"5":4,"6":13,"7":3,"8":13,"9":6,"10":4,"11":4},"f":{"0":3,"1":4,"2":13},"b":{"0":[3],"1":[6],"2":[13,7]}}
,"/home/gmzcodes/projects/clabs/KMS-server-new/src/lib/operations/activate-keys/activate-keys.ts": {"path":"/home/gmzcodes/projects/clabs/KMS-server-new/src/lib/operations/activate-keys/activate-keys.ts","statementMap":{"0":{"start":{"line":8,"column":0},"end":{"line":8,"column":7}},"1":{"start":{"line":1,"column":0},"end":{"line":1,"column":54}},"2":{"start":{"line":2,"column":0},"end":{"line":2,"column":58}},"3":{"start":{"line":4,"column":0},"end":{"line":4,"column":203}},"4":{"start":{"line":6,"column":13},"end":{"line":6,"column":71}},"5":{"start":{"line":11,"column":26},"end":{"line":11,"column":49}},"6":{"start":{"line":12,"column":33},"end":{"line":12,"column":63}},"7":{"start":{"line":13,"column":36},"end":{"line":13,"column":69}},"8":{"start":{"line":14,"column":43},"end":{"line":14,"column":83}},"9":{"start":{"line":16,"column":32},"end":{"line":18,"column":4}},"10":{"start":{"line":20,"column":42},"end":{"line":22,"column":4}},"11":{"start":{"line":27,"column":6},"end":{"line":30,"column":4}},"12":{"start":{"line":32,"column":23},"end":{"line":32,"column":69}},"13":{"start":{"line":33,"column":33},"end":{"line":33,"column":89}},"14":{"start":{"line":37,"column":2},"end":{"line":45,"column":3}},"15":{"start":{"line":41,"column":4},"end":{"line":44,"column":7}},"16":{"start":{"line":47,"column":31},"end":{"line":49,"column":4}},"17":{"start":{"line":51,"column":41},"end":{"line":53,"column":4}},"18":{"start":{"line":58,"column":6},"end":{"line":61,"column":4}},"19":{"start":{"line":66,"column":2},"end":{"line":77,"column":4}}},"fnMap":{"0":{"name":"activateKeys","decl":{"start":{"line":8,"column":22},"end":{"line":8,"column":34}},"loc":{"start":{"line":9,"column":29},"end":{"line":78,"column":1}}}},"branchMap":{"0":{"loc":{"start":{"line":37,"column":2},"end":{"line":45,"column":3}},"type":"if","locations":[{"start":{"line":37,"column":2},"end":{"line":45,"column":3}}]},"1":{"loc":{"start":{"line":72,"column":20},"end":{"line":72,"column":87}},"type":"binary-expr","locations":[{"start":{"line":72,"column":20},"end":{"line":72,"column":41}},{"start":{"line":72,"column":45},"end":{"line":72,"column":87}}]},"2":{"loc":{"start":{"line":72,"column":20},"end":{"line":72,"column":41}},"type":"cond-expr","locations":[{"start":{"line":72,"column":35},"end":{"line":72,"column":37}},{"start":{"line":72,"column":35},"end":{"line":72,"column":41}}]},"3":{"loc":{"start":{"line":72,"column":20},"end":{"line":72,"column":37}},"type":"binary-expr","locations":[{"start":{"line":72,"column":20},"end":{"line":72,"column":37}},{"start":{"line":72,"column":35},"end":{"line":72,"column":37}}]},"4":{"loc":{"start":{"line":72,"column":49},"end":{"line":72,"column":68}},"type":"binary-expr","locations":[{"start":{"line":72,"column":49},"end":{"line":72,"column":61}},{"start":{"line":72,"column":65},"end":{"line":72,"column":68}}]},"5":{"loc":{"start":{"line":73,"column":30},"end":{"line":73,"column":117}},"type":"binary-expr","locations":[{"start":{"line":73,"column":30},"end":{"line":73,"column":61}},{"start":{"line":73,"column":65},"end":{"line":73,"column":117}}]},"6":{"loc":{"start":{"line":73,"column":30},"end":{"line":73,"column":61}},"type":"cond-expr","locations":[{"start":{"line":73,"column":55},"end":{"line":73,"column":57}},{"start":{"line":73,"column":55},"end":{"line":73,"column":61}}]},"7":{"loc":{"start":{"line":73,"column":30},"end":{"line":73,"column":57}},"type":"binary-expr","locations":[{"start":{"line":73,"column":30},"end":{"line":73,"column":57}},{"start":{"line":73,"column":55},"end":{"line":73,"column":57}}]},"8":{"loc":{"start":{"line":73,"column":69},"end":{"line":73,"column":98}},"type":"binary-expr","locations":[{"start":{"line":73,"column":69},"end":{"line":73,"column":91}},{"start":{"line":73,"column":95},"end":{"line":73,"column":98}}]}},"s":{"0":1,"1":1,"2":1,"3":1,"4":1,"5":2,"6":2,"7":2,"8":2,"9":2,"10":2,"11":2,"12":2,"13":2,"14":2,"15":2,"16":2,"17":2,"18":2,"19":2},"f":{"0":2},"b":{"0":[2],"1":[2,0],"2":[0,2],"3":[2,2],"4":[0,0],"5":[2,0],"6":[0,2],"7":[2,2],"8":[0,0]}}
,"/home/gmzcodes/projects/clabs/KMS-server-new/src/lib/operations/create-user/create-user.handler.ts": {"path":"/home/gmzcodes/projects/clabs/KMS-server-new/src/lib/operations/create-user/create-user.handler.ts","statementMap":{"0":{"start":{"line":26,"column":0},"end":{"line":26,"column":16}},"1":{"start":{"line":2,"column":0},"end":{"line":2,"column":43}},"2":{"start":{"line":4,"column":0},"end":{"line":4,"column":79}},"3":{"start":{"line":5,"column":0},"end":{"line":5,"column":54}},"4":{"start":{"line":7,"column":0},"end":{"line":7,"column":76}},"5":{"start":{"line":27,"column":2},"end":{"line":50,"column":4}},"6":{"start":{"line":31,"column":24},"end":{"line":31,"column":27}},"7":{"start":{"line":33,"column":4},"end":{"line":33,"column":48}},"8":{"start":{"line":35,"column":4},"end":{"line":35,"column":46}},"9":{"start":{"line":37,"column":21},"end":{"line":37,"column":28}},"10":{"start":{"line":38,"column":25},"end":{"line":38,"column":55}},"11":{"start":{"line":40,"column":23},"end":{"line":40,"column":28}},"12":{"start":{"line":41,"column":28},"end":{"line":41,"column":65}},"13":{"start":{"line":43,"column":4},"end":{"line":43,"column":50}},"14":{"start":{"line":45,"column":4},"end":{"line":49,"column":6}}},"fnMap":{"0":{"name":"createUserHandlerFactory","decl":{"start":{"line":26,"column":16},"end":{"line":26,"column":40}},"loc":{"start":{"line":26,"column":40},"end":{"line":51,"column":1}}},"1":{"name":"(anonymous_1)","decl":{"start":{"line":27,"column":9},"end":{"line":27,"column":14}},"loc":{"start":{"line":30,"column":6},"end":{"line":50,"column":3}}}},"branchMap":{"0":{"loc":{"start":{"line":38,"column":26},"end":{"line":38,"column":54}},"type":"cond-expr","locations":[{"start":{"line":38,"column":30},"end":{"line":38,"column":32}},{"start":{"line":38,"column":26},"end":{"line":38,"column":54}}]},"1":{"loc":{"start":{"line":38,"column":26},"end":{"line":38,"column":32}},"type":"binary-expr","locations":[{"start":{"line":38,"column":26},"end":{"line":38,"column":32}},{"start":{"line":38,"column":26},"end":{"line":38,"column":32}}]},"2":{"loc":{"start":{"line":46,"column":6},"end":{"line":48,"column":62}},"type":"cond-expr","locations":[{"start":{"line":47,"column":10},"end":{"line":47,"column":76}},{"start":{"line":48,"column":10},"end":{"line":48,"column":62}}]}},"s":{"0":1,"1":1,"2":1,"3":1,"4":1,"5":1,"6":9,"7":9,"8":9,"9":3,"10":3,"11":3,"12":3,"13":2,"14":2},"f":{"0":1,"1":9},"b":{"0":[1,2],"1":[3,3],"2":[1,1]}}
,"/home/gmzcodes/projects/clabs/KMS-server-new/src/lib/operations/create-user/create-user.ts": {"path":"/home/gmzcodes/projects/clabs/KMS-server-new/src/lib/operations/create-user/create-user.ts","statementMap":{"0":{"start":{"line":11,"column":0},"end":{"line":11,"column":7}},"1":{"start":{"line":1,"column":0},"end":{"line":1,"column":63}},"2":{"start":{"line":4,"column":0},"end":{"line":4,"column":48}},"3":{"start":{"line":5,"column":0},"end":{"line":5,"column":109}},"4":{"start":{"line":6,"column":0},"end":{"line":6,"column":74}},"5":{"start":{"line":7,"column":0},"end":{"line":7,"column":87}},"6":{"start":{"line":8,"column":0},"end":{"line":8,"column":73}},"7":{"start":{"line":9,"column":0},"end":{"line":9,"column":59}},"8":{"start":{"line":18,"column":2},"end":{"line":18,"column":31}},"9":{"start":{"line":20,"column":2},"end":{"line":24,"column":5}},"10":{"start":{"line":26,"column":28},"end":{"line":26,"column":29}},"11":{"start":{"line":27,"column":22},"end":{"line":27,"column":27}},"12":{"start":{"line":29,"column":2},"end":{"line":44,"column":83}},"13":{"start":{"line":30,"column":29},"end":{"line":30,"column":75}},"14":{"start":{"line":32,"column":4},"end":{"line":32,"column":34}},"15":{"start":{"line":34,"column":4},"end":{"line":34,"column":96}},"16":{"start":{"line":36,"column":30},"end":{"line":38,"column":6}},"17":{"start":{"line":37,"column":6},"end":{"line":37,"column":18}},"18":{"start":{"line":40,"column":4},"end":{"line":43,"column":6}},"19":{"start":{"line":46,"column":2},"end":{"line":50,"column":3}},"20":{"start":{"line":47,"column":4},"end":{"line":47,"column":null}},"21":{"start":{"line":49,"column":4},"end":{"line":49,"column":64}},"22":{"start":{"line":52,"column":2},"end":{"line":52,"column":37}},"23":{"start":{"line":54,"column":2},"end":{"line":54,"column":30}},"24":{"start":{"line":54,"column":18},"end":{"line":54,"column":30}},"25":{"start":{"line":62,"column":23},"end":{"line":62,"column":53}},"26":{"start":{"line":64,"column":2},"end":{"line":64,"column":85}}},"fnMap":{"0":{"name":"createUser","decl":{"start":{"line":11,"column":22},"end":{"line":11,"column":32}},"loc":{"start":{"line":13,"column":21},"end":{"line":65,"column":1}}},"1":{"name":"(anonymous_1)","decl":{"start":{"line":36,"column":64},"end":{"line":36,"column":65}},"loc":{"start":{"line":36,"column":72},"end":{"line":38,"column":5}}}},"branchMap":{"0":{"loc":{"start":{"line":23,"column":4},"end":{"line":23,"column":53}},"type":"cond-expr","locations":[{"start":{"line":23,"column":17},"end":{"line":23,"column":41}},{"start":{"line":23,"column":44},"end":{"line":23,"column":53}}]},"1":{"loc":{"start":{"line":44,"column":11},"end":{"line":44,"column":81}},"type":"binary-expr","locations":[{"start":{"line":44,"column":11},"end":{"line":44,"column":63}},{"start":{"line":44,"column":67},"end":{"line":44,"column":81}}]},"2":{"loc":{"start":{"line":41,"column":6},"end":{"line":42,"column":81}},"type":"binary-expr","locations":[{"start":{"line":41,"column":6},"end":{"line":41,"column":71}},{"start":{"line":42,"column":6},"end":{"line":42,"column":81}}]},"3":{"loc":{"start":{"line":41,"column":6},"end":{"line":41,"column":37}},"type":"cond-expr","locations":[{"start":{"line":41,"column":23},"end":{"line":41,"column":25}},{"start":{"line":41,"column":6},"end":{"line":41,"column":37}}]},"4":{"loc":{"start":{"line":41,"column":6},"end":{"line":41,"column":25}},"type":"binary-expr","locations":[{"start":{"line":41,"column":6},"end":{"line":41,"column":25}},{"start":{"line":41,"column":6},"end":{"line":41,"column":25}}]},"5":{"loc":{"start":{"line":42,"column":6},"end":{"line":42,"column":47}},"type":"cond-expr","locations":[{"start":{"line":42,"column":23},"end":{"line":42,"column":25}},{"start":{"line":42,"column":6},"end":{"line":42,"column":47}}]},"6":{"loc":{"start":{"line":42,"column":6},"end":{"line":42,"column":25}},"type":"binary-expr","locations":[{"start":{"line":42,"column":6},"end":{"line":42,"column":25}},{"start":{"line":42,"column":6},"end":{"line":42,"column":25}}]},"7":{"loc":{"start":{"line":46,"column":2},"end":{"line":50,"column":3}},"type":"if","locations":[{"start":{"line":46,"column":2},"end":{"line":50,"column":3}},{"start":{"line":48,"column":9},"end":{"line":50,"column":3}}]},"8":{"loc":{"start":{"line":54,"column":2},"end":{"line":54,"column":30}},"type":"if","locations":[{"start":{"line":54,"column":2},"end":{"line":54,"column":30}}]}},"s":{"0":1,"1":1,"2":1,"3":1,"4":1,"5":1,"6":1,"7":1,"8":3,"9":3,"10":3,"11":3,"12":3,"13":7,"14":7,"15":7,"16":7,"17":5,"18":7,"19":3,"20":2,"21":1,"22":2,"23":2,"24":0,"25":2,"26":2},"f":{"0":3,"1":5},"b":{"0":[0,3],"1":[7,6],"2":[7,2],"3":[5,2],"4":[7,2],"5":[0,2],"6":[2,2],"7":[2,1],"8":[0]}}
,"/home/gmzcodes/projects/clabs/KMS-server-new/src/lib/operations/create-user/create-user.utils.ts": {"path":"/home/gmzcodes/projects/clabs/KMS-server-new/src/lib/operations/create-user/create-user.utils.ts","statementMap":{"0":{"start":{"line":8,"column":0},"end":{"line":8,"column":7}},"1":{"start":{"line":32,"column":0},"end":{"line":32,"column":7}},"2":{"start":{"line":64,"column":0},"end":{"line":64,"column":7}},"3":{"start":{"line":110,"column":0},"end":{"line":110,"column":7}},"4":{"start":{"line":1,"column":0},"end":{"line":1,"column":58}},"5":{"start":{"line":2,"column":0},"end":{"line":2,"column":54}},"6":{"start":{"line":3,"column":0},"end":{"line":3,"column":108}},"7":{"start":{"line":6,"column":0},"end":{"line":6,"column":59}},"8":{"start":{"line":11,"column":27},"end":{"line":11,"column":44}},"9":{"start":{"line":12,"column":20},"end":{"line":12,"column":52}},"10":{"start":{"line":14,"column":20},"end":{"line":25,"column":4}},"11":{"start":{"line":18,"column":4},"end":{"line":22,"column":5}},"12":{"start":{"line":19,"column":6},"end":{"line":19,"column":48}},"13":{"start":{"line":21,"column":6},"end":{"line":21,"column":20}},"14":{"start":{"line":24,"column":4},"end":{"line":24,"column":14}},"15":{"start":{"line":27,"column":2},"end":{"line":27,"column":37}},"16":{"start":{"line":29,"column":2},"end":{"line":29,"column":17}},"17":{"start":{"line":36,"column":26},"end":{"line":36,"column":49}},"18":{"start":{"line":38,"column":16},"end":{"line":57,"column":4}},"19":{"start":{"line":50,"column":4},"end":{"line":54,"column":5}},"20":{"start":{"line":51,"column":6},"end":{"line":51,"column":48}},"21":{"start":{"line":53,"column":6},"end":{"line":53,"column":20}},"22":{"start":{"line":56,"column":4},"end":{"line":56,"column":14}},"23":{"start":{"line":59,"column":2},"end":{"line":59,"column":37}},"24":{"start":{"line":61,"column":2},"end":{"line":61,"column":13}},"25":{"start":{"line":68,"column":26},"end":{"line":68,"column":49}},"26":{"start":{"line":70,"column":16},"end":{"line":89,"column":4}},"27":{"start":{"line":82,"column":4},"end":{"line":86,"column":5}},"28":{"start":{"line":83,"column":6},"end":{"line":83,"column":58}},"29":{"start":{"line":85,"column":6},"end":{"line":85,"column":20}},"30":{"start":{"line":88,"column":4},"end":{"line":88,"column":14}},"31":{"start":{"line":91,"column":2},"end":{"line":91,"column":47}},"32":{"start":{"line":93,"column":2},"end":{"line":93,"column":13}},"33":{"start":{"line":113,"column":26},"end":{"line":113,"column":49}},"34":{"start":{"line":115,"column":22},"end":{"line":130,"column":4}},"35":{"start":{"line":123,"column":4},"end":{"line":127,"column":5}},"36":{"start":{"line":124,"column":6},"end":{"line":124,"column":50}},"37":{"start":{"line":126,"column":6},"end":{"line":126,"column":20}},"38":{"start":{"line":129,"column":4},"end":{"line":129,"column":14}},"39":{"start":{"line":132,"column":2},"end":{"line":132,"column":39}},"40":{"start":{"line":134,"column":2},"end":{"line":134,"column":19}}},"fnMap":{"0":{"name":"createKeyRing","decl":{"start":{"line":8,"column":22},"end":{"line":8,"column":35}},"loc":{"start":{"line":9,"column":79},"end":{"line":30,"column":1}}},"1":{"name":"(anonymous_1)","decl":{"start":{"line":17,"column":11},"end":{"line":17,"column":12}},"loc":{"start":{"line":17,"column":19},"end":{"line":25,"column":3}}},"2":{"name":"createSignKey","decl":{"start":{"line":32,"column":22},"end":{"line":32,"column":35}},"loc":{"start":{"line":34,"column":20},"end":{"line":62,"column":1}}},"3":{"name":"(anonymous_3)","decl":{"start":{"line":49,"column":11},"end":{"line":49,"column":12}},"loc":{"start":{"line":49,"column":19},"end":{"line":57,"column":3}}},"4":{"name":"createEncryptDecryptKey","decl":{"start":{"line":64,"column":22},"end":{"line":64,"column":45}},"loc":{"start":{"line":66,"column":20},"end":{"line":94,"column":1}}},"5":{"name":"(anonymous_5)","decl":{"start":{"line":81,"column":11},"end":{"line":81,"column":12}},"loc":{"start":{"line":81,"column":19},"end":{"line":89,"column":3}}},"6":{"name":"createImportJob","decl":{"start":{"line":110,"column":22},"end":{"line":110,"column":37}},"loc":{"start":{"line":111,"column":79},"end":{"line":135,"column":1}}},"7":{"name":"(anonymous_7)","decl":{"start":{"line":122,"column":11},"end":{"line":122,"column":12}},"loc":{"start":{"line":122,"column":19},"end":{"line":130,"column":3}}}},"branchMap":{"0":{"loc":{"start":{"line":18,"column":4},"end":{"line":22,"column":5}},"type":"if","locations":[{"start":{"line":18,"column":4},"end":{"line":22,"column":5}}]},"1":{"loc":{"start":{"line":34,"column":2},"end":{"line":34,"column":20}},"type":"default-arg","locations":[{"start":{"line":34,"column":15},"end":{"line":34,"column":20}}]},"2":{"loc":{"start":{"line":50,"column":4},"end":{"line":54,"column":5}},"type":"if","locations":[{"start":{"line":50,"column":4},"end":{"line":54,"column":5}}]},"3":{"loc":{"start":{"line":66,"column":2},"end":{"line":66,"column":20}},"type":"default-arg","locations":[{"start":{"line":66,"column":15},"end":{"line":66,"column":20}}]},"4":{"loc":{"start":{"line":82,"column":4},"end":{"line":86,"column":5}},"type":"if","locations":[{"start":{"line":82,"column":4},"end":{"line":86,"column":5}}]},"5":{"loc":{"start":{"line":123,"column":4},"end":{"line":127,"column":5}},"type":"if","locations":[{"start":{"line":123,"column":4},"end":{"line":127,"column":5}}]}},"s":{"0":2,"1":2,"2":2,"3":2,"4":2,"5":2,"6":2,"7":2,"8":6,"9":6,"10":6,"11":2,"12":1,"13":1,"14":1,"15":5,"16":5,"17":6,"18":6,"19":2,"20":1,"21":1,"22":1,"23":5,"24":5,"25":6,"26":6,"27":2,"28":1,"29":1,"30":1,"31":5,"32":5,"33":3,"34":3,"35":2,"36":1,"37":1,"38":1,"39":2,"40":2},"f":{"0":6,"1":2,"2":6,"3":2,"4":6,"5":2,"6":3,"7":2},"b":{"0":[1],"1":[3],"2":[1],"3":[3],"4":[1],"5":[1]}}
,"/home/gmzcodes/projects/clabs/KMS-server-new/src/lib/operations/create-user/create-user.validation.ts": {"path":"/home/gmzcodes/projects/clabs/KMS-server-new/src/lib/operations/create-user/create-user.validation.ts","statementMap":{"0":{"start":{"line":23,"column":0},"end":{"line":23,"column":16}},"1":{"start":{"line":1,"column":0},"end":{"line":1,"column":24}},"2":{"start":{"line":2,"column":0},"end":{"line":2,"column":76}},"3":{"start":{"line":3,"column":0},"end":{"line":3,"column":54}},"4":{"start":{"line":6,"column":0},"end":{"line":6,"column":58}},"5":{"start":{"line":7,"column":0},"end":{"line":7,"column":74}},"6":{"start":{"line":9,"column":42},"end":{"line":12,"column":2}},"7":{"start":{"line":14,"column":36},"end":{"line":16,"column":2}},"8":{"start":{"line":18,"column":37},"end":{"line":21,"column":2}},"9":{"start":{"line":26,"column":18},"end":{"line":26,"column":86}},"10":{"start":{"line":28,"column":2},"end":{"line":34,"column":3}},"11":{"start":{"line":29,"column":4},"end":{"line":33,"column":6}},"12":{"start":{"line":36,"column":2},"end":{"line":36,"column":14}}},"fnMap":{"0":{"name":"validateCreateUserIdTokenOrThrow","decl":{"start":{"line":23,"column":16},"end":{"line":23,"column":48}},"loc":{"start":{"line":24,"column":80},"end":{"line":37,"column":1}}}},"branchMap":{"0":{"loc":{"start":{"line":26,"column":18},"end":{"line":26,"column":86}},"type":"binary-expr","locations":[{"start":{"line":26,"column":18},"end":{"line":26,"column":27}},{"start":{"line":26,"column":31},"end":{"line":26,"column":86}}]},"1":{"loc":{"start":{"line":28,"column":2},"end":{"line":34,"column":3}},"type":"if","locations":[{"start":{"line":28,"column":2},"end":{"line":34,"column":3}}]}},"s":{"0":1,"1":1,"2":1,"3":1,"4":1,"5":1,"6":1,"7":1,"8":1,"9":9,"10":9,"11":6,"12":3},"f":{"0":9},"b":{"0":[9,9],"1":[6]}}
,"/home/gmzcodes/projects/clabs/KMS-server-new/src/lib/operations/decrypt/decrypt.handler.ts": {"path":"/home/gmzcodes/projects/clabs/KMS-server-new/src/lib/operations/decrypt/decrypt.handler.ts","statementMap":{"0":{"start":{"line":29,"column":0},"end":{"line":29,"column":16}},"1":{"start":{"line":2,"column":0},"end":{"line":2,"column":36}},"2":{"start":{"line":4,"column":0},"end":{"line":4,"column":54}},"3":{"start":{"line":5,"column":0},"end":{"line":5,"column":79}},"4":{"start":{"line":6,"column":0},"end":{"line":6,"column":172}},"5":{"start":{"line":7,"column":0},"end":{"line":7,"column":69}},"6":{"start":{"line":8,"column":0},"end":{"line":8,"column":92}},"7":{"start":{"line":30,"column":2},"end":{"line":54,"column":4}},"8":{"start":{"line":34,"column":24},"end":{"line":34,"column":27}},"9":{"start":{"line":36,"column":4},"end":{"line":36,"column":44}},"10":{"start":{"line":38,"column":4},"end":{"line":38,"column":43}},"11":{"start":{"line":40,"column":21},"end":{"line":40,"column":28}},"12":{"start":{"line":41,"column":25},"end":{"line":41,"column":53}},"13":{"start":{"line":42,"column":29},"end":{"line":42,"column":42}},"14":{"start":{"line":44,"column":29},"end":{"line":44,"column":83}},"15":{"start":{"line":45,"column":22},"end":{"line":45,"column":62}},"16":{"start":{"line":47,"column":4},"end":{"line":47,"column":46}},"17":{"start":{"line":49,"column":4},"end":{"line":53,"column":6}}},"fnMap":{"0":{"name":"decryptHandlerFactory","decl":{"start":{"line":29,"column":16},"end":{"line":29,"column":37}},"loc":{"start":{"line":29,"column":37},"end":{"line":55,"column":1}}},"1":{"name":"(anonymous_1)","decl":{"start":{"line":30,"column":9},"end":{"line":30,"column":14}},"loc":{"start":{"line":33,"column":6},"end":{"line":54,"column":3}}}},"branchMap":{"0":{"loc":{"start":{"line":50,"column":6},"end":{"line":52,"column":85}},"type":"cond-expr","locations":[{"start":{"line":51,"column":10},"end":{"line":51,"column":87}},{"start":{"line":52,"column":10},"end":{"line":52,"column":85}}]}},"s":{"0":1,"1":1,"2":1,"3":1,"4":1,"5":1,"6":1,"7":1,"8":15,"9":15,"10":15,"11":4,"12":4,"13":4,"14":4,"15":4,"16":4,"17":4},"f":{"0":1,"1":15},"b":{"0":[2,2]}}
,"/home/gmzcodes/projects/clabs/KMS-server-new/src/lib/operations/decrypt/decrypt.ts": {"path":"/home/gmzcodes/projects/clabs/KMS-server-new/src/lib/operations/decrypt/decrypt.ts","statementMap":{"0":{"start":{"line":9,"column":0},"end":{"line":9,"column":7}},"1":{"start":{"line":1,"column":0},"end":{"line":1,"column":58}},"2":{"start":{"line":2,"column":0},"end":{"line":2,"column":74}},"3":{"start":{"line":4,"column":0},"end":{"line":4,"column":54}},"4":{"start":{"line":5,"column":0},"end":{"line":5,"column":76}},"5":{"start":{"line":7,"column":0},"end":{"line":7,"column":59}},"6":{"start":{"line":13,"column":36},"end":{"line":13,"column":69}},"7":{"start":{"line":17,"column":2},"end":{"line":31,"column":3}},"8":{"start":{"line":18,"column":30},"end":{"line":21,"column":6}},"9":{"start":{"line":23,"column":4},"end":{"line":23,"column":42}},"10":{"start":{"line":25,"column":4},"end":{"line":30,"column":6}},"11":{"start":{"line":33,"column":2},"end":{"line":35,"column":3}},"12":{"start":{"line":34,"column":4},"end":{"line":34,"column":80}},"13":{"start":{"line":37,"column":2},"end":{"line":37,"column":45}}},"fnMap":{"0":{"name":"decrypt","decl":{"start":{"line":9,"column":22},"end":{"line":9,"column":29}},"loc":{"start":{"line":11,"column":24},"end":{"line":38,"column":1}}}},"branchMap":{"0":{"loc":{"start":{"line":33,"column":2},"end":{"line":35,"column":3}},"type":"if","locations":[{"start":{"line":33,"column":2},"end":{"line":35,"column":3}}]}},"s":{"0":2,"1":2,"2":2,"3":2,"4":2,"5":2,"6":9,"7":9,"8":9,"9":9,"10":0,"11":9,"12":0,"13":9},"f":{"0":9},"b":{"0":[0]}}
,"/home/gmzcodes/projects/clabs/KMS-server-new/src/lib/operations/decrypt/decrypt.validation.ts": {"path":"/home/gmzcodes/projects/clabs/KMS-server-new/src/lib/operations/decrypt/decrypt.validation.ts","statementMap":{"0":{"start":{"line":22,"column":0},"end":{"line":22,"column":16}},"1":{"start":{"line":1,"column":0},"end":{"line":1,"column":24}},"2":{"start":{"line":2,"column":0},"end":{"line":2,"column":152}},"3":{"start":{"line":3,"column":0},"end":{"line":3,"column":54}},"4":{"start":{"line":6,"column":0},"end":{"line":6,"column":58}},"5":{"start":{"line":7,"column":0},"end":{"line":7,"column":74}},"6":{"start":{"line":9,"column":39},"end":{"line":11,"column":2}},"7":{"start":{"line":13,"column":33},"end":{"line":15,"column":2}},"8":{"start":{"line":17,"column":34},"end":{"line":20,"column":2}},"9":{"start":{"line":25,"column":2},"end":{"line":25,"column":29}},"10":{"start":{"line":25,"column":16},"end":{"line":25,"column":29}},"11":{"start":{"line":27,"column":20},"end":{"line":27,"column":64}},"12":{"start":{"line":29,"column":2},"end":{"line":36,"column":3}},"13":{"start":{"line":30,"column":4},"end":{"line":35,"column":6}},"14":{"start":{"line":38,"column":2},"end":{"line":38,"column":14}}},"fnMap":{"0":{"name":"validateDecryptIdTokenOrThrow","decl":{"start":{"line":22,"column":16},"end":{"line":22,"column":45}},"loc":{"start":{"line":23,"column":74},"end":{"line":39,"column":1}}}},"branchMap":{"0":{"loc":{"start":{"line":25,"column":2},"end":{"line":25,"column":29}},"type":"if","locations":[{"start":{"line":25,"column":2},"end":{"line":25,"column":29}}]},"1":{"loc":{"start":{"line":29,"column":2},"end":{"line":36,"column":3}},"type":"if","locations":[{"start":{"line":29,"column":2},"end":{"line":36,"column":3}}]}},"s":{"0":1,"1":1,"2":1,"3":1,"4":1,"5":1,"6":1,"7":1,"8":1,"9":15,"10":0,"11":15,"12":15,"13":11,"14":4},"f":{"0":15},"b":{"0":[0],"1":[11]}}
,"/home/gmzcodes/projects/clabs/KMS-server-new/src/lib/operations/encrypt/encrypt.handler.ts": {"path":"/home/gmzcodes/projects/clabs/KMS-server-new/src/lib/operations/encrypt/encrypt.handler.ts","statementMap":{"0":{"start":{"line":29,"column":0},"end":{"line":29,"column":16}},"1":{"start":{"line":2,"column":0},"end":{"line":2,"column":36}},"2":{"start":{"line":4,"column":0},"end":{"line":4,"column":54}},"3":{"start":{"line":5,"column":0},"end":{"line":5,"column":79}},"4":{"start":{"line":6,"column":0},"end":{"line":6,"column":172}},"5":{"start":{"line":7,"column":0},"end":{"line":7,"column":92}},"6":{"start":{"line":8,"column":0},"end":{"line":8,"column":69}},"7":{"start":{"line":30,"column":2},"end":{"line":54,"column":4}},"8":{"start":{"line":34,"column":24},"end":{"line":34,"column":27}},"9":{"start":{"line":36,"column":4},"end":{"line":36,"column":44}},"10":{"start":{"line":38,"column":4},"end":{"line":38,"column":43}},"11":{"start":{"line":40,"column":21},"end":{"line":40,"column":28}},"12":{"start":{"line":41,"column":25},"end":{"line":41,"column":53}},"13":{"start":{"line":42,"column":29},"end":{"line":42,"column":42}},"14":{"start":{"line":44,"column":28},"end":{"line":44,"column":81}},"15":{"start":{"line":45,"column":23},"end":{"line":45,"column":62}},"16":{"start":{"line":47,"column":4},"end":{"line":47,"column":46}},"17":{"start":{"line":49,"column":4},"end":{"line":53,"column":6}}},"fnMap":{"0":{"name":"encryptHandlerFactory","decl":{"start":{"line":29,"column":16},"end":{"line":29,"column":37}},"loc":{"start":{"line":29,"column":37},"end":{"line":55,"column":1}}},"1":{"name":"(anonymous_1)","decl":{"start":{"line":30,"column":9},"end":{"line":30,"column":14}},"loc":{"start":{"line":33,"column":6},"end":{"line":54,"column":3}}}},"branchMap":{"0":{"loc":{"start":{"line":50,"column":6},"end":{"line":52,"column":86}},"type":"cond-expr","locations":[{"start":{"line":51,"column":10},"end":{"line":51,"column":88}},{"start":{"line":52,"column":10},"end":{"line":52,"column":86}}]}},"s":{"0":1,"1":1,"2":1,"3":1,"4":1,"5":1,"6":1,"7":1,"8":16,"9":16,"10":16,"11":5,"12":5,"13":5,"14":5,"15":5,"16":5,"17":5},"f":{"0":1,"1":16},"b":{"0":[3,2]}}
,"/home/gmzcodes/projects/clabs/KMS-server-new/src/lib/operations/encrypt/encrypt.ts": {"path":"/home/gmzcodes/projects/clabs/KMS-server-new/src/lib/operations/encrypt/encrypt.ts","statementMap":{"0":{"start":{"line":9,"column":0},"end":{"line":9,"column":7}},"1":{"start":{"line":1,"column":0},"end":{"line":1,"column":58}},"2":{"start":{"line":2,"column":0},"end":{"line":2,"column":74}},"3":{"start":{"line":4,"column":0},"end":{"line":4,"column":54}},"4":{"start":{"line":5,"column":0},"end":{"line":5,"column":76}},"5":{"start":{"line":7,"column":0},"end":{"line":7,"column":59}},"6":{"start":{"line":13,"column":36},"end":{"line":13,"column":69}},"7":{"start":{"line":17,"column":2},"end":{"line":32,"column":3}},"8":{"start":{"line":19,"column":30},"end":{"line":22,"column":6}},"9":{"start":{"line":24,"column":4},"end":{"line":24,"column":44}},"10":{"start":{"line":26,"column":4},"end":{"line":31,"column":6}},"11":{"start":{"line":34,"column":2},"end":{"line":40,"column":3}},"12":{"start":{"line":35,"column":4},"end":{"line":39,"column":6}},"13":{"start":{"line":42,"column":2},"end":{"line":42,"column":46}}},"fnMap":{"0":{"name":"encrypt","decl":{"start":{"line":9,"column":22},"end":{"line":9,"column":29}},"loc":{"start":{"line":11,"column":23},"end":{"line":43,"column":1}}}},"branchMap":{"0":{"loc":{"start":{"line":34,"column":2},"end":{"line":40,"column":3}},"type":"if","locations":[{"start":{"line":34,"column":2},"end":{"line":40,"column":3}}]}},"s":{"0":2,"1":2,"2":2,"3":2,"4":2,"5":2,"6":6,"7":6,"8":6,"9":6,"10":0,"11":6,"12":0,"13":6},"f":{"0":6},"b":{"0":[0]}}
,"/home/gmzcodes/projects/clabs/KMS-server-new/src/lib/operations/encrypt/encrypt.validation.ts": {"path":"/home/gmzcodes/projects/clabs/KMS-server-new/src/lib/operations/encrypt/encrypt.validation.ts","statementMap":{"0":{"start":{"line":22,"column":0},"end":{"line":22,"column":16}},"1":{"start":{"line":1,"column":0},"end":{"line":1,"column":24}},"2":{"start":{"line":2,"column":0},"end":{"line":2,"column":152}},"3":{"start":{"line":3,"column":0},"end":{"line":3,"column":54}},"4":{"start":{"line":6,"column":0},"end":{"line":6,"column":58}},"5":{"start":{"line":7,"column":0},"end":{"line":7,"column":74}},"6":{"start":{"line":9,"column":39},"end":{"line":11,"column":2}},"7":{"start":{"line":13,"column":33},"end":{"line":15,"column":2}},"8":{"start":{"line":17,"column":34},"end":{"line":20,"column":2}},"9":{"start":{"line":25,"column":2},"end":{"line":25,"column":29}},"10":{"start":{"line":25,"column":16},"end":{"line":25,"column":29}},"11":{"start":{"line":27,"column":20},"end":{"line":27,"column":64}},"12":{"start":{"line":29,"column":2},"end":{"line":36,"column":3}},"13":{"start":{"line":30,"column":4},"end":{"line":35,"column":6}},"14":{"start":{"line":38,"column":2},"end":{"line":38,"column":14}}},"fnMap":{"0":{"name":"validateEncryptIdTokenOrThrow","decl":{"start":{"line":22,"column":16},"end":{"line":22,"column":45}},"loc":{"start":{"line":23,"column":74},"end":{"line":39,"column":1}}}},"branchMap":{"0":{"loc":{"start":{"line":25,"column":2},"end":{"line":25,"column":29}},"type":"if","locations":[{"start":{"line":25,"column":2},"end":{"line":25,"column":29}}]},"1":{"loc":{"start":{"line":29,"column":2},"end":{"line":36,"column":3}},"type":"if","locations":[{"start":{"line":29,"column":2},"end":{"line":36,"column":3}}]}},"s":{"0":1,"1":1,"2":1,"3":1,"4":1,"5":1,"6":1,"7":1,"8":1,"9":16,"10":0,"11":16,"12":16,"13":11,"14":5},"f":{"0":16},"b":{"0":[0],"1":[11]}}
,"/home/gmzcodes/projects/clabs/KMS-server-new/src/lib/operations/sign/sign.handler.ts": {"path":"/home/gmzcodes/projects/clabs/KMS-server-new/src/lib/operations/sign/sign.handler.ts","statementMap":{"0":{"start":{"line":29,"column":0},"end":{"line":29,"column":16}},"1":{"start":{"line":3,"column":0},"end":{"line":3,"column":30}},"2":{"start":{"line":4,"column":0},"end":{"line":4,"column":79}},"3":{"start":{"line":5,"column":0},"end":{"line":5,"column":54}},"4":{"start":{"line":6,"column":0},"end":{"line":6,"column":192}},"5":{"start":{"line":7,"column":0},"end":{"line":7,"column":63}},"6":{"start":{"line":8,"column":0},"end":{"line":8,"column":92}},"7":{"start":{"line":30,"column":2},"end":{"line":54,"column":4}},"8":{"start":{"line":34,"column":24},"end":{"line":34,"column":27}},"9":{"start":{"line":36,"column":4},"end":{"line":36,"column":41}},"10":{"start":{"line":38,"column":4},"end":{"line":38,"column":40}},"11":{"start":{"line":40,"column":21},"end":{"line":40,"column":28}},"12":{"start":{"line":41,"column":25},"end":{"line":41,"column":53}},"13":{"start":{"line":42,"column":29},"end":{"line":42,"column":42}},"14":{"start":{"line":44,"column":29},"end":{"line":44,"column":77}},"15":{"start":{"line":45,"column":22},"end":{"line":45,"column":59}},"16":{"start":{"line":47,"column":4},"end":{"line":47,"column":43}},"17":{"start":{"line":49,"column":4},"end":{"line":53,"column":6}}},"fnMap":{"0":{"name":"signHandlerFactory","decl":{"start":{"line":29,"column":16},"end":{"line":29,"column":34}},"loc":{"start":{"line":29,"column":34},"end":{"line":55,"column":1}}},"1":{"name":"(anonymous_1)","decl":{"start":{"line":30,"column":9},"end":{"line":30,"column":14}},"loc":{"start":{"line":33,"column":6},"end":{"line":54,"column":3}}}},"branchMap":{"0":{"loc":{"start":{"line":50,"column":6},"end":{"line":52,"column":78}},"type":"cond-expr","locations":[{"start":{"line":51,"column":10},"end":{"line":51,"column":84}},{"start":{"line":52,"column":10},"end":{"line":52,"column":78}}]}},"s":{"0":1,"1":1,"2":1,"3":1,"4":1,"5":1,"6":1,"7":1,"8":12,"9":12,"10":12,"11":3,"12":3,"13":3,"14":3,"15":3,"16":3,"17":3},"f":{"0":1,"1":12},"b":{"0":[1,2]}}
,"/home/gmzcodes/projects/clabs/KMS-server-new/src/lib/operations/sign/sign.ts": {"path":"/home/gmzcodes/projects/clabs/KMS-server-new/src/lib/operations/sign/sign.ts","statementMap":{"0":{"start":{"line":9,"column":0},"end":{"line":9,"column":7}},"1":{"start":{"line":1,"column":0},"end":{"line":1,"column":58}},"2":{"start":{"line":2,"column":0},"end":{"line":2,"column":74}},"3":{"start":{"line":4,"column":0},"end":{"line":4,"column":54}},"4":{"start":{"line":5,"column":0},"end":{"line":5,"column":73}},"5":{"start":{"line":7,"column":0},"end":{"line":7,"column":59}},"6":{"start":{"line":13,"column":33},"end":{"line":13,"column":63}},"7":{"start":{"line":17,"column":2},"end":{"line":31,"column":3}},"8":{"start":{"line":18,"column":27},"end":{"line":21,"column":6}},"9":{"start":{"line":23,"column":4},"end":{"line":23,"column":39}},"10":{"start":{"line":25,"column":4},"end":{"line":30,"column":6}},"11":{"start":{"line":33,"column":2},"end":{"line":35,"column":3}},"12":{"start":{"line":34,"column":4},"end":{"line":34,"column":80}},"13":{"start":{"line":37,"column":2},"end":{"line":37,"column":45}}},"fnMap":{"0":{"name":"sign","decl":{"start":{"line":9,"column":22},"end":{"line":9,"column":26}},"loc":{"start":{"line":11,"column":18},"end":{"line":38,"column":1}}}},"branchMap":{"0":{"loc":{"start":{"line":33,"column":2},"end":{"line":35,"column":3}},"type":"if","locations":[{"start":{"line":33,"column":2},"end":{"line":35,"column":3}}]}},"s":{"0":1,"1":1,"2":1,"3":1,"4":1,"5":1,"6":3,"7":3,"8":3,"9":3,"10":0,"11":3,"12":0,"13":3},"f":{"0":3},"b":{"0":[0]}}
,"/home/gmzcodes/projects/clabs/KMS-server-new/src/lib/operations/sign/sign.validation.ts": {"path":"/home/gmzcodes/projects/clabs/KMS-server-new/src/lib/operations/sign/sign.validation.ts","statementMap":{"0":{"start":{"line":22,"column":0},"end":{"line":22,"column":16}},"1":{"start":{"line":1,"column":0},"end":{"line":1,"column":24}},"2":{"start":{"line":2,"column":0},"end":{"line":2,"column":152}},"3":{"start":{"line":3,"column":0},"end":{"line":3,"column":54}},"4":{"start":{"line":6,"column":0},"end":{"line":6,"column":58}},"5":{"start":{"line":7,"column":0},"end":{"line":7,"column":74}},"6":{"start":{"line":9,"column":36},"end":{"line":11,"column":2}},"7":{"start":{"line":13,"column":30},"end":{"line":15,"column":2}},"8":{"start":{"line":17,"column":31},"end":{"line":20,"column":2}},"9":{"start":{"line":25,"column":18},"end":{"line":25,"column":80}},"10":{"start":{"line":27,"column":2},"end":{"line":33,"column":3}},"11":{"start":{"line":28,"column":4},"end":{"line":32,"column":6}},"12":{"start":{"line":35,"column":2},"end":{"line":35,"column":14}}},"fnMap":{"0":{"name":"validateSignIdTokenOrThrow","decl":{"start":{"line":22,"column":16},"end":{"line":22,"column":42}},"loc":{"start":{"line":23,"column":68},"end":{"line":36,"column":1}}}},"branchMap":{"0":{"loc":{"start":{"line":25,"column":18},"end":{"line":25,"column":80}},"type":"binary-expr","locations":[{"start":{"line":25,"column":18},"end":{"line":25,"column":27}},{"start":{"line":25,"column":31},"end":{"line":25,"column":80}}]},"1":{"loc":{"start":{"line":27,"column":2},"end":{"line":33,"column":3}},"type":"if","locations":[{"start":{"line":27,"column":2},"end":{"line":33,"column":3}}]}},"s":{"0":1,"1":1,"2":1,"3":1,"4":1,"5":1,"6":1,"7":1,"8":1,"9":12,"10":12,"11":9,"12":3},"f":{"0":12},"b":{"0":[12,12],"1":[9]}}
,"/home/gmzcodes/projects/clabs/KMS-server-new/src/lib/server/server.constants.ts": {"path":"/home/gmzcodes/projects/clabs/KMS-server-new/src/lib/server/server.constants.ts","statementMap":{"0":{"start":{"line":1,"column":0},"end":{"line":1,"column":null}},"1":{"start":{"line":2,"column":2},"end":{"line":2,"column":null}},"2":{"start":{"line":3,"column":2},"end":{"line":3,"column":null}},"3":{"start":{"line":4,"column":2},"end":{"line":4,"column":null}},"4":{"start":{"line":5,"column":2},"end":{"line":5,"column":null}},"5":{"start":{"line":6,"column":2},"end":{"line":6,"column":null}},"6":{"start":{"line":7,"column":2},"end":{"line":7,"column":null}},"7":{"start":{"line":8,"column":2},"end":{"line":8,"column":null}},"8":{"start":{"line":9,"column":2},"end":{"line":9,"column":null}}},"fnMap":{"0":{"name":"(anonymous_0)","decl":{"start":{"line":1,"column":0},"end":{"line":1,"column":12}},"loc":{"start":{"line":1,"column":17},"end":{"line":10,"column":1}}}},"branchMap":{"0":{"loc":{"start":{"line":1,"column":12},"end":{"line":1,"column":null}},"type":"binary-expr","locations":[{"start":{"line":1,"column":12},"end":{"line":1,"column":17}},{"start":{"line":1,"column":17},"end":{"line":1,"column":null}}]}},"s":{"0":4,"1":4,"2":4,"3":4,"4":4,"5":4,"6":4,"7":4,"8":4},"f":{"0":4},"b":{"0":[4,4]}}
,"/home/gmzcodes/projects/clabs/KMS-server-new/src/lib/server/config/config.utils.ts": {"path":"/home/gmzcodes/projects/clabs/KMS-server-new/src/lib/server/config/config.utils.ts","statementMap":{"0":{"start":{"line":2,"column":0},"end":{"line":2,"column":63}},"1":{"start":{"line":4,"column":0},"end":{"line":4,"column":48}},"2":{"start":{"line":16,"column":2},"end":{"line":16,"column":28}},"3":{"start":{"line":17,"column":2},"end":{"line":17,"column":44}},"4":{"start":{"line":21,"column":2},"end":{"line":21,"column":31}},"5":{"start":{"line":22,"column":2},"end":{"line":22,"column":34}},"6":{"start":{"line":26,"column":2},"end":{"line":26,"column":12}},"7":{"start":{"line":27,"column":2},"end":{"line":27,"column":18}},"8":{"start":{"line":28,"column":2},"end":{"line":28,"column":17}},"9":{"start":{"line":29,"column":2},"end":{"line":29,"column":18}},"10":{"start":{"line":33,"column":2},"end":{"line":33,"column":27}},"11":{"start":{"line":34,"column":2},"end":{"line":34,"column":31}},"12":{"start":{"line":35,"column":2},"end":{"line":35,"column":27}},"13":{"start":{"line":36,"column":2},"end":{"line":36,"column":31}},"14":{"start":{"line":40,"column":2},"end":{"line":40,"column":73}},"15":{"start":{"line":41,"column":2},"end":{"line":41,"column":39}},"16":{"start":{"line":45,"column":2},"end":{"line":45,"column":22}},"17":{"start":{"line":46,"column":2},"end":{"line":46,"column":28}},"18":{"start":{"line":47,"column":2},"end":{"line":47,"column":34}},"19":{"start":{"line":48,"column":2},"end":{"line":48,"column":27}},"20":{"start":{"line":49,"column":2},"end":{"line":49,"column":28}},"21":{"start":{"line":50,"column":2},"end":{"line":50,"column":48}},"22":{"start":{"line":51,"column":2},"end":{"line":51,"column":39}},"23":{"start":{"line":54,"column":2},"end":{"line":54,"column":115}},"24":{"start":{"line":55,"column":2},"end":{"line":55,"column":129}},"25":{"start":{"line":59,"column":2},"end":{"line":59,"column":24}},"26":{"start":{"line":60,"column":2},"end":{"line":60,"column":24}},"27":{"start":{"line":61,"column":2},"end":{"line":61,"column":20}},"28":{"start":{"line":62,"column":2},"end":{"line":62,"column":23}},"29":{"start":{"line":63,"column":2},"end":{"line":63,"column":26}},"30":{"start":{"line":67,"column":2},"end":{"line":67,"column":24}},"31":{"start":{"line":68,"column":2},"end":{"line":68,"column":19}},"32":{"start":{"line":69,"column":2},"end":{"line":69,"column":24}},"33":{"start":{"line":74,"column":4},"end":{"line":78,"column":5}},"34":{"start":{"line":75,"column":6},"end":{"line":75,"column":34}},"35":{"start":{"line":80,"column":4},"end":{"line":80,"column":16}},"36":{"start":{"line":86,"column":4},"end":{"line":86,"column":55}},"37":{"start":{"line":87,"column":4},"end":{"line":87,"column":57}},"38":{"start":{"line":88,"column":4},"end":{"line":88,"column":57}},"39":{"start":{"line":89,"column":4},"end":{"line":89,"column":51}},"40":{"start":{"line":93,"column":4},"end":{"line":93,"column":67}},"41":{"start":{"line":94,"column":4},"end":{"line":94,"column":71}},"42":{"start":{"line":95,"column":4},"end":{"line":95,"column":63}},"43":{"start":{"line":96,"column":4},"end":{"line":96,"column":71}},"44":{"start":{"line":104,"column":4},"end":{"line":116,"column":5}},"45":{"start":{"line":105,"column":6},"end":{"line":107,"column":44}},"46":{"start":{"line":109,"column":6},"end":{"line":111,"column":7}},"47":{"start":{"line":110,"column":8},"end":{"line":110,"column":80}},"48":{"start":{"line":113,"column":6},"end":{"line":113,"column":73}},"49":{"start":{"line":115,"column":6},"end":{"line":115,"column":22}},"50":{"start":{"line":118,"column":4},"end":{"line":118,"column":54}},"51":{"start":{"line":122,"column":4},"end":{"line":122,"column":57}},"52":{"start":{"line":123,"column":4},"end":{"line":123,"column":69}},"53":{"start":{"line":124,"column":4},"end":{"line":124,"column":65}},"54":{"start":{"line":125,"column":4},"end":{"line":125,"column":86}},"55":{"start":{"line":131,"column":8},"end":{"line":132,"column":62}},"56":{"start":{"line":137,"column":8},"end":{"line":138,"column":77}},"57":{"start":{"line":143,"column":8},"end":{"line":144,"column":75}},"58":{"start":{"line":147,"column":41},"end":{"line":147,"column":43}},"59":{"start":{"line":149,"column":4},"end":{"line":155,"column":5}},"60":{"start":{"line":150,"column":6},"end":{"line":150,"column":43}},"61":{"start":{"line":151,"column":11},"end":{"line":155,"column":5}},"62":{"start":{"line":152,"column":6},"end":{"line":152,"column":44}},"63":{"start":{"line":153,"column":11},"end":{"line":155,"column":5}},"64":{"start":{"line":154,"column":6},"end":{"line":154,"column":36}},"65":{"start":{"line":157,"column":4},"end":{"line":157,"column":42}},"66":{"start":{"line":161,"column":4},"end":{"line":161,"column":62}},"67":{"start":{"line":162,"column":4},"end":{"line":162,"column":62}},"68":{"start":{"line":163,"column":4},"end":{"line":163,"column":54}},"69":{"start":{"line":164,"column":4},"end":{"line":164,"column":57}},"70":{"start":{"line":166,"column":4},"end":{"line":171,"column":6}},"71":{"start":{"line":175,"column":4},"end":{"line":175,"column":63}},"72":{"start":{"line":176,"column":4},"end":{"line":176,"column":53}},"73":{"start":{"line":178,"column":4},"end":{"line":178,"column":71}},"74":{"start":{"line":189,"column":8},"end":{"line":189,"column":12}},"75":{"start":{"line":193,"column":25},"end":{"line":194,"column":64}},"76":{"start":{"line":198,"column":24},"end":{"line":198,"column":32}},"77":{"start":{"line":200,"column":6},"end":{"line":202,"column":61}},"78":{"start":{"line":206,"column":25},"end":{"line":210,"column":null}},"79":{"start":{"line":215,"column":29},"end":{"line":232,"column":null}},"80":{"start":{"line":237,"column":27},"end":{"line":237,"column":64}},"81":{"start":{"line":238,"column":25},"end":{"line":238,"column":60}},"82":{"start":{"line":240,"column":4},"end":{"line":247,"column":6}},"83":{"start":{"line":251,"column":4},"end":{"line":251,"column":70}},"84":{"start":{"line":251,"column":61},"end":{"line":251,"column":68}},"85":{"start":{"line":263,"column":8},"end":{"line":263,"column":12}},"86":{"start":{"line":272,"column":8},"end":{"line":272,"column":23}},"87":{"start":{"line":274,"column":4},"end":{"line":274,"column":20}},"88":{"start":{"line":275,"column":4},"end":{"line":277,"column":6}},"89":{"start":{"line":278,"column":4},"end":{"line":278,"column":22}},"90":{"start":{"line":279,"column":4},"end":{"line":279,"column":51}},"91":{"start":{"line":280,"column":4},"end":{"line":280,"column":49}},"92":{"start":{"line":281,"column":4},"end":{"line":281,"column":20}},"93":{"start":{"line":282,"column":4},"end":{"line":284,"column":6}},"94":{"start":{"line":285,"column":4},"end":{"line":285,"column":22}},"95":{"start":{"line":286,"column":4},"end":{"line":286,"column":37}},"96":{"start":{"line":287,"column":4},"end":{"line":287,"column":57}},"97":{"start":{"line":288,"column":4},"end":{"line":288,"column":43}},"98":{"start":{"line":289,"column":4},"end":{"line":289,"column":41}},"99":{"start":{"line":290,"column":4},"end":{"line":290,"column":43}},"100":{"start":{"line":291,"column":4},"end":{"line":291,"column":20}},"101":{"start":{"line":292,"column":4},"end":{"line":294,"column":6}},"102":{"start":{"line":295,"column":4},"end":{"line":295,"column":22}},"103":{"start":{"line":296,"column":4},"end":{"line":296,"column":72}},"104":{"start":{"line":297,"column":4},"end":{"line":297,"column":80}},"105":{"start":{"line":298,"column":4},"end":{"line":298,"column":72}},"106":{"start":{"line":299,"column":4},"end":{"line":301,"column":6}},"107":{"start":{"line":302,"column":4},"end":{"line":302,"column":20}},"108":{"start":{"line":303,"column":4},"end":{"line":305,"column":6}},"109":{"start":{"line":306,"column":4},"end":{"line":306,"column":22}},"110":{"start":{"line":307,"column":4},"end":{"line":307,"column":114}},"111":{"start":{"line":308,"column":4},"end":{"line":308,"column":78}},"112":{"start":{"line":309,"column":4},"end":{"line":309,"column":90}},"113":{"start":{"line":310,"column":4},"end":{"line":310,"column":84}},"114":{"start":{"line":311,"column":4},"end":{"line":311,"column":80}},"115":{"start":{"line":312,"column":4},"end":{"line":312,"column":90}},"116":{"start":{"line":313,"column":4},"end":{"line":313,"column":94}},"117":{"start":{"line":314,"column":4},"end":{"line":314,"column":102}},"118":{"start":{"line":315,"column":4},"end":{"line":315,"column":112}},"119":{"start":{"line":316,"column":4},"end":{"line":316,"column":116}},"120":{"start":{"line":317,"column":4},"end":{"line":317,"column":20}},"121":{"start":{"line":318,"column":4},"end":{"line":320,"column":6}},"122":{"start":{"line":321,"column":4},"end":{"line":321,"column":22}},"123":{"start":{"line":322,"column":4},"end":{"line":324,"column":6}},"124":{"start":{"line":325,"column":4},"end":{"line":327,"column":6}},"125":{"start":{"line":328,"column":4},"end":{"line":328,"column":74}},"126":{"start":{"line":329,"column":4},"end":{"line":329,"column":80}},"127":{"start":{"line":330,"column":4},"end":{"line":330,"column":20}},"128":{"start":{"line":331,"column":4},"end":{"line":333,"column":6}},"129":{"start":{"line":334,"column":4},"end":{"line":334,"column":22}},"130":{"start":{"line":335,"column":4},"end":{"line":337,"column":6}},"131":{"start":{"line":338,"column":4},"end":{"line":338,"column":79}},"132":{"start":{"line":339,"column":4},"end":{"line":339,"column":20}},"133":{"start":{"line":8,"column":0},"end":{"line":8,"column":13}},"134":{"start":{"line":10,"column":9},"end":{"line":10,"column":32}},"135":{"start":{"line":12,"column":9},"end":{"line":12,"column":30}},"136":{"start":{"line":343,"column":13},"end":{"line":343,"column":35}}},"fnMap":{"0":{"name":"(anonymous_6)","decl":{"start":{"line":73,"column":2},"end":{"line":73,"column":null}},"loc":{"start":{"line":73,"column":2},"end":{"line":81,"column":3}}},"1":{"name":"(anonymous_7)","decl":{"start":{"line":83,"column":2},"end":{"line":83,"column":6}},"loc":{"start":{"line":83,"column":6},"end":{"line":179,"column":3}}},"2":{"name":"(anonymous_8)","decl":{"start":{"line":181,"column":2},"end":{"line":181,"column":10}},"loc":{"start":{"line":181,"column":10},"end":{"line":248,"column":3}}},"3":{"name":"(anonymous_9)","decl":{"start":{"line":250,"column":2},"end":{"line":250,"column":6}},"loc":{"start":{"line":250,"column":13},"end":{"line":252,"column":3}}},"4":{"name":"(anonymous_10)","decl":{"start":{"line":251,"column":48},"end":{"line":251,"column":49}},"loc":{"start":{"line":251,"column":61},"end":{"line":251,"column":68}}},"5":{"name":"(anonymous_11)","decl":{"start":{"line":254,"column":2},"end":{"line":254,"column":5}},"loc":{"start":{"line":254,"column":5},"end":{"line":340,"column":3}}}},"branchMap":{"0":{"loc":{"start":{"line":17,"column":15},"end":{"line":17,"column":43}},"type":"binary-expr","locations":[{"start":{"line":17,"column":15},"end":{"line":17,"column":37}},{"start":{"line":17,"column":41},"end":{"line":17,"column":43}}]},"1":{"loc":{"start":{"line":86,"column":16},"end":{"line":86,"column":54}},"type":"binary-expr","locations":[{"start":{"line":86,"column":16},"end":{"line":86,"column":48}},{"start":{"line":86,"column":52},"end":{"line":86,"column":54}}]},"2":{"loc":{"start":{"line":86,"column":25},"end":{"line":86,"column":47}},"type":"binary-expr","locations":[{"start":{"line":86,"column":25},"end":{"line":86,"column":41}},{"start":{"line":86,"column":45},"end":{"line":86,"column":47}}]},"3":{"loc":{"start":{"line":93,"column":31},"end":{"line":93,"column":66}},"type":"binary-expr","locations":[{"start":{"line":93,"column":31},"end":{"line":93,"column":60}},{"start":{"line":93,"column":64},"end":{"line":93,"column":66}}]},"4":{"loc":{"start":{"line":94,"column":35},"end":{"line":94,"column":70}},"type":"binary-expr","locations":[{"start":{"line":94,"column":35},"end":{"line":94,"column":64}},{"start":{"line":94,"column":68},"end":{"line":94,"column":70}}]},"5":{"loc":{"start":{"line":95,"column":31},"end":{"line":95,"column":62}},"type":"binary-expr","locations":[{"start":{"line":95,"column":31},"end":{"line":95,"column":56}},{"start":{"line":95,"column":60},"end":{"line":95,"column":62}}]},"6":{"loc":{"start":{"line":96,"column":35},"end":{"line":96,"column":70}},"type":"binary-expr","locations":[{"start":{"line":96,"column":35},"end":{"line":96,"column":64}},{"start":{"line":96,"column":68},"end":{"line":96,"column":70}}]},"7":{"loc":{"start":{"line":106,"column":8},"end":{"line":106,"column":43}},"type":"binary-expr","locations":[{"start":{"line":106,"column":8},"end":{"line":106,"column":37}},{"start":{"line":106,"column":41},"end":{"line":106,"column":43}}]},"8":{"loc":{"start":{"line":109,"column":6},"end":{"line":111,"column":7}},"type":"if","locations":[{"start":{"line":109,"column":6},"end":{"line":111,"column":7}}]},"9":{"loc":{"start":{"line":109,"column":10},"end":{"line":109,"column":69}},"type":"binary-expr","locations":[{"start":{"line":109,"column":10},"end":{"line":109,"column":28}},{"start":{"line":109,"column":32},"end":{"line":109,"column":69}}]},"10":{"loc":{"start":{"line":118,"column":30},"end":{"line":118,"column":53}},"type":"binary-expr","locations":[{"start":{"line":118,"column":30},"end":{"line":118,"column":47}},{"start":{"line":118,"column":51},"end":{"line":118,"column":53}}]},"11":{"loc":{"start":{"line":122,"column":26},"end":{"line":122,"column":56}},"type":"binary-expr","locations":[{"start":{"line":122,"column":26},"end":{"line":122,"column":50}},{"start":{"line":122,"column":54},"end":{"line":122,"column":56}}]},"12":{"loc":{"start":{"line":123,"column":32},"end":{"line":123,"column":68}},"type":"binary-expr","locations":[{"start":{"line":123,"column":32},"end":{"line":123,"column":62}},{"start":{"line":123,"column":66},"end":{"line":123,"column":68}}]},"13":{"loc":{"start":{"line":124,"column":32},"end":{"line":124,"column":64}},"type":"binary-expr","locations":[{"start":{"line":124,"column":32},"end":{"line":124,"column":58}},{"start":{"line":124,"column":62},"end":{"line":124,"column":64}}]},"14":{"loc":{"start":{"line":125,"column":43},"end":{"line":125,"column":85}},"type":"binary-expr","locations":[{"start":{"line":125,"column":43},"end":{"line":125,"column":79}},{"start":{"line":125,"column":83},"end":{"line":125,"column":85}}]},"15":{"loc":{"start":{"line":131,"column":8},"end":{"line":132,"column":62}},"type":"binary-expr","locations":[{"start":{"line":131,"column":9},"end":{"line":131,"column":60}},{"start":{"line":132,"column":12},"end":{"line":132,"column":61}}]},"16":{"loc":{"start":{"line":137,"column":8},"end":{"line":138,"column":77}},"type":"binary-expr","locations":[{"start":{"line":137,"column":9},"end":{"line":137,"column":58}},{"start":{"line":138,"column":12},"end":{"line":138,"column":76}}]},"17":{"loc":{"start":{"line":143,"column":8},"end":{"line":144,"column":75}},"type":"binary-expr","locations":[{"start":{"line":143,"column":8},"end":{"line":143,"column":55}},{"start":{"line":144,"column":11},"end":{"line":144,"column":75}}]},"18":{"loc":{"start":{"line":149,"column":4},"end":{"line":155,"column":5}},"type":"if","locations":[{"start":{"line":149,"column":4},"end":{"line":155,"column":5}},{"start":{"line":151,"column":11},"end":{"line":155,"column":5}}]},"19":{"loc":{"start":{"line":151,"column":11},"end":{"line":155,"column":5}},"type":"if","locations":[{"start":{"line":151,"column":11},"end":{"line":155,"column":5}},{"start":{"line":153,"column":11},"end":{"line":155,"column":5}}]},"20":{"loc":{"start":{"line":153,"column":11},"end":{"line":155,"column":5}},"type":"if","locations":[{"start":{"line":153,"column":11},"end":{"line":155,"column":5}}]},"21":{"loc":{"start":{"line":161,"column":28},"end":{"line":161,"column":61}},"type":"binary-expr","locations":[{"start":{"line":161,"column":28},"end":{"line":161,"column":55}},{"start":{"line":161,"column":59},"end":{"line":161,"column":61}}]},"22":{"loc":{"start":{"line":162,"column":28},"end":{"line":162,"column":61}},"type":"binary-expr","locations":[{"start":{"line":162,"column":28},"end":{"line":162,"column":55}},{"start":{"line":162,"column":59},"end":{"line":162,"column":61}}]},"23":{"loc":{"start":{"line":163,"column":24},"end":{"line":163,"column":53}},"type":"binary-expr","locations":[{"start":{"line":163,"column":24},"end":{"line":163,"column":47}},{"start":{"line":163,"column":51},"end":{"line":163,"column":53}}]},"24":{"loc":{"start":{"line":164,"column":27},"end":{"line":164,"column":56}},"type":"binary-expr","locations":[{"start":{"line":164,"column":27},"end":{"line":164,"column":50}},{"start":{"line":164,"column":54},"end":{"line":164,"column":56}}]},"25":{"loc":{"start":{"line":167,"column":6},"end":{"line":170,"column":26}},"type":"binary-expr","locations":[{"start":{"line":167,"column":6},"end":{"line":167,"column":27}},{"start":{"line":168,"column":6},"end":{"line":168,"column":27}},{"start":{"line":169,"column":6},"end":{"line":169,"column":23}},{"start":{"line":170,"column":6},"end":{"line":170,"column":26}}]},"26":{"loc":{"start":{"line":175,"column":28},"end":{"line":175,"column":62}},"type":"binary-expr","locations":[{"start":{"line":175,"column":28},"end":{"line":175,"column":56}},{"start":{"line":175,"column":60},"end":{"line":175,"column":62}}]},"27":{"loc":{"start":{"line":176,"column":23},"end":{"line":176,"column":52}},"type":"binary-expr","locations":[{"start":{"line":176,"column":23},"end":{"line":176,"column":46}},{"start":{"line":176,"column":50},"end":{"line":176,"column":52}}]},"28":{"loc":{"start":{"line":178,"column":28},"end":{"line":178,"column":69}},"type":"binary-expr","locations":[{"start":{"line":178,"column":28},"end":{"line":178,"column":49}},{"start":{"line":178,"column":53},"end":{"line":178,"column":69}}]},"29":{"loc":{"start":{"line":193,"column":25},"end":{"line":194,"column":64}},"type":"binary-expr","locations":[{"start":{"line":193,"column":25},"end":{"line":193,"column":76}},{"start":{"line":194,"column":9},"end":{"line":194,"column":64}}]},"30":{"loc":{"start":{"line":193,"column":58},"end":{"line":193,"column":75}},"type":"binary-expr","locations":[{"start":{"line":193,"column":58},"end":{"line":193,"column":69}},{"start":{"line":193,"column":73},"end":{"line":193,"column":75}}]},"31":{"loc":{"start":{"line":200,"column":6},"end":{"line":202,"column":61}},"type":"binary-expr","locations":[{"start":{"line":200,"column":6},"end":{"line":200,"column":17}},{"start":{"line":201,"column":6},"end":{"line":201,"column":40}},{"start":{"line":202,"column":6},"end":{"line":202,"column":61}}]},"32":{"loc":{"start":{"line":207,"column":6},"end":{"line":210,"column":34}},"type":"binary-expr","locations":[{"start":{"line":207,"column":6},"end":{"line":207,"column":30}},{"start":{"line":208,"column":6},"end":{"line":208,"column":34}},{"start":{"line":209,"column":6},"end":{"line":209,"column":30}},{"start":{"line":210,"column":6},"end":{"line":210,"column":34}}]},"33":{"loc":{"start":{"line":215,"column":29},"end":{"line":232,"column":null}},"type":"binary-expr","locations":[{"start":{"line":215,"column":29},"end":{"line":225,"column":null}},{"start":{"line":227,"column":7},"end":{"line":227,"column":14}},{"start":{"line":227,"column":18},"end":{"line":227,"column":62}},{"start":{"line":228,"column":9},"end":{"line":228,"column":15}},{"start":{"line":228,"column":19},"end":{"line":228,"column":26}},{"start":{"line":229,"column":10},"end":{"line":229,"column":55}},{"start":{"line":230,"column":10},"end":{"line":230,"column":47}}]},"34":{"loc":{"start":{"line":216,"column":6},"end":{"line":225,"column":44}},"type":"binary-expr","locations":[{"start":{"line":216,"column":6},"end":{"line":216,"column":26}},{"start":{"line":217,"column":6},"end":{"line":217,"column":25}},{"start":{"line":218,"column":6},"end":{"line":218,"column":31}},{"start":{"line":219,"column":6},"end":{"line":219,"column":28}},{"start":{"line":220,"column":6},"end":{"line":220,"column":26}},{"start":{"line":221,"column":6},"end":{"line":221,"column":31}},{"start":{"line":222,"column":6},"end":{"line":222,"column":37}},{"start":{"line":223,"column":6},"end":{"line":223,"column":42}},{"start":{"line":224,"column":6},"end":{"line":224,"column":33}},{"start":{"line":225,"column":6},"end":{"line":225,"column":44}}]},"35":{"loc":{"start":{"line":237,"column":27},"end":{"line":237,"column":64}},"type":"cond-expr","locations":[{"start":{"line":237,"column":37},"end":{"line":237,"column":57}},{"start":{"line":237,"column":60},"end":{"line":237,"column":64}}]},"36":{"loc":{"start":{"line":238,"column":25},"end":{"line":238,"column":60}},"type":"cond-expr","locations":[{"start":{"line":238,"column":35},"end":{"line":238,"column":53}},{"start":{"line":238,"column":56},"end":{"line":238,"column":60}}]},"37":{"loc":{"start":{"line":276,"column":9},"end":{"line":276,"column":33}},"type":"cond-expr","locations":[{"start":{"line":276,"column":24},"end":{"line":276,"column":27}},{"start":{"line":276,"column":30},"end":{"line":276,"column":33}}]},"38":{"loc":{"start":{"line":276,"column":43},"end":{"line":276,"column":82}},"type":"cond-expr","locations":[{"start":{"line":276,"column":58},"end":{"line":276,"column":61}},{"start":{"line":276,"column":64},"end":{"line":276,"column":82}}]},"39":{"loc":{"start":{"line":283,"column":9},"end":{"line":283,"column":35}},"type":"cond-expr","locations":[{"start":{"line":283,"column":26},"end":{"line":283,"column":29}},{"start":{"line":283,"column":32},"end":{"line":283,"column":35}}]},"40":{"loc":{"start":{"line":283,"column":57},"end":{"line":283,"column":104}},"type":"cond-expr","locations":[{"start":{"line":283,"column":74},"end":{"line":283,"column":77}},{"start":{"line":283,"column":80},"end":{"line":283,"column":104}}]},"41":{"loc":{"start":{"line":293,"column":9},"end":{"line":293,"column":33}},"type":"cond-expr","locations":[{"start":{"line":293,"column":24},"end":{"line":293,"column":27}},{"start":{"line":293,"column":30},"end":{"line":293,"column":33}}]},"42":{"loc":{"start":{"line":293,"column":43},"end":{"line":293,"column":100}},"type":"cond-expr","locations":[{"start":{"line":293,"column":58},"end":{"line":293,"column":61}},{"start":{"line":293,"column":64},"end":{"line":293,"column":100}}]},"43":{"loc":{"start":{"line":300,"column":38},"end":{"line":300,"column":80}},"type":"cond-expr","locations":[{"start":{"line":300,"column":69},"end":{"line":300,"column":75}},{"start":{"line":300,"column":78},"end":{"line":300,"column":80}}]},"44":{"loc":{"start":{"line":304,"column":9},"end":{"line":304,"column":37}},"type":"cond-expr","locations":[{"start":{"line":304,"column":28},"end":{"line":304,"column":31}},{"start":{"line":304,"column":34},"end":{"line":304,"column":37}}]},"45":{"loc":{"start":{"line":304,"column":75},"end":{"line":304,"column":129}},"type":"cond-expr","locations":[{"start":{"line":304,"column":94},"end":{"line":304,"column":97}},{"start":{"line":304,"column":100},"end":{"line":304,"column":129}}]},"46":{"loc":{"start":{"line":307,"column":43},"end":{"line":307,"column":110}},"type":"cond-expr","locations":[{"start":{"line":307,"column":93},"end":{"line":307,"column":103}},{"start":{"line":307,"column":106},"end":{"line":307,"column":110}}]},"47":{"loc":{"start":{"line":308,"column":39},"end":{"line":308,"column":74}},"type":"cond-expr","locations":[{"start":{"line":308,"column":63},"end":{"line":308,"column":69}},{"start":{"line":308,"column":72},"end":{"line":308,"column":74}}]},"48":{"loc":{"start":{"line":309,"column":45},"end":{"line":309,"column":86}},"type":"cond-expr","locations":[{"start":{"line":309,"column":75},"end":{"line":309,"column":81}},{"start":{"line":309,"column":84},"end":{"line":309,"column":86}}]},"49":{"loc":{"start":{"line":310,"column":42},"end":{"line":310,"column":80}},"type":"cond-expr","locations":[{"start":{"line":310,"column":69},"end":{"line":310,"column":75}},{"start":{"line":310,"column":78},"end":{"line":310,"column":80}}]},"50":{"loc":{"start":{"line":311,"column":40},"end":{"line":311,"column":76}},"type":"cond-expr","locations":[{"start":{"line":311,"column":65},"end":{"line":311,"column":71}},{"start":{"line":311,"column":74},"end":{"line":311,"column":76}}]},"51":{"loc":{"start":{"line":312,"column":45},"end":{"line":312,"column":86}},"type":"cond-expr","locations":[{"start":{"line":312,"column":75},"end":{"line":312,"column":81}},{"start":{"line":312,"column":84},"end":{"line":312,"column":86}}]},"52":{"loc":{"start":{"line":313,"column":47},"end":{"line":313,"column":90}},"type":"cond-expr","locations":[{"start":{"line":313,"column":79},"end":{"line":313,"column":85}},{"start":{"line":313,"column":88},"end":{"line":313,"column":90}}]},"53":{"loc":{"start":{"line":314,"column":51},"end":{"line":314,"column":98}},"type":"cond-expr","locations":[{"start":{"line":314,"column":87},"end":{"line":314,"column":93}},{"start":{"line":314,"column":96},"end":{"line":314,"column":98}}]},"54":{"loc":{"start":{"line":315,"column":56},"end":{"line":315,"column":108}},"type":"cond-expr","locations":[{"start":{"line":315,"column":97},"end":{"line":315,"column":103}},{"start":{"line":315,"column":106},"end":{"line":315,"column":108}}]},"55":{"loc":{"start":{"line":316,"column":58},"end":{"line":316,"column":112}},"type":"cond-expr","locations":[{"start":{"line":316,"column":101},"end":{"line":316,"column":107}},{"start":{"line":316,"column":110},"end":{"line":316,"column":112}}]},"56":{"loc":{"start":{"line":319,"column":10},"end":{"line":319,"column":68}},"type":"cond-expr","locations":[{"start":{"line":319,"column":34},"end":{"line":319,"column":60}},{"start":{"line":319,"column":64},"end":{"line":319,"column":68}}]},"57":{"loc":{"start":{"line":319,"column":34},"end":{"line":319,"column":60}},"type":"cond-expr","locations":[{"start":{"line":319,"column":51},"end":{"line":319,"column":54}},{"start":{"line":319,"column":57},"end":{"line":319,"column":60}}]},"58":{"loc":{"start":{"line":319,"column":81},"end":{"line":319,"column":149}},"type":"cond-expr","locations":[{"start":{"line":319,"column":98},"end":{"line":319,"column":101}},{"start":{"line":319,"column":104},"end":{"line":319,"column":149}}]},"59":{"loc":{"start":{"line":323,"column":31},"end":{"line":323,"column":68}},"type":"cond-expr","locations":[{"start":{"line":323,"column":57},"end":{"line":323,"column":63}},{"start":{"line":323,"column":66},"end":{"line":323,"column":68}}]},"60":{"loc":{"start":{"line":326,"column":31},"end":{"line":326,"column":68}},"type":"cond-expr","locations":[{"start":{"line":326,"column":57},"end":{"line":326,"column":63}},{"start":{"line":326,"column":66},"end":{"line":326,"column":68}}]},"61":{"loc":{"start":{"line":328,"column":37},"end":{"line":328,"column":70}},"type":"cond-expr","locations":[{"start":{"line":328,"column":59},"end":{"line":328,"column":65}},{"start":{"line":328,"column":68},"end":{"line":328,"column":70}}]},"62":{"loc":{"start":{"line":329,"column":40},"end":{"line":329,"column":76}},"type":"cond-expr","locations":[{"start":{"line":329,"column":65},"end":{"line":329,"column":71}},{"start":{"line":329,"column":74},"end":{"line":329,"column":76}}]},"63":{"loc":{"start":{"line":332,"column":10},"end":{"line":332,"column":64}},"type":"cond-expr","locations":[{"start":{"line":332,"column":32},"end":{"line":332,"column":56}},{"start":{"line":332,"column":60},"end":{"line":332,"column":64}}]},"64":{"loc":{"start":{"line":332,"column":32},"end":{"line":332,"column":56}},"type":"cond-expr","locations":[{"start":{"line":332,"column":47},"end":{"line":332,"column":50}},{"start":{"line":332,"column":53},"end":{"line":332,"column":56}}]},"65":{"loc":{"start":{"line":332,"column":74},"end":{"line":332,"column":138}},"type":"cond-expr","locations":[{"start":{"line":332,"column":89},"end":{"line":332,"column":92}},{"start":{"line":332,"column":95},"end":{"line":332,"column":138}}]},"66":{"loc":{"start":{"line":336,"column":31},"end":{"line":336,"column":75}},"type":"cond-expr","locations":[{"start":{"line":336,"column":64},"end":{"line":336,"column":70}},{"start":{"line":336,"column":73},"end":{"line":336,"column":75}}]},"67":{"loc":{"start":{"line":338,"column":36},"end":{"line":338,"column":75}},"type":"cond-expr","locations":[{"start":{"line":338,"column":64},"end":{"line":338,"column":70}},{"start":{"line":338,"column":73},"end":{"line":338,"column":75}}]}},"s":{"0":8,"1":8,"2":14,"3":14,"4":14,"5":14,"6":14,"7":14,"8":14,"9":14,"10":14,"11":14,"12":14,"13":14,"14":14,"15":14,"16":14,"17":14,"18":14,"19":14,"20":14,"21":14,"22":14,"23":14,"24":14,"25":14,"26":14,"27":14,"28":14,"29":14,"30":14,"31":14,"32":14,"33":14,"34":14,"35":14,"36":14,"37":14,"38":14,"39":14,"40":14,"41":14,"42":14,"43":14,"44":14,"45":14,"46":14,"47":0,"48":0,"49":0,"50":14,"51":14,"52":14,"53":14,"54":14,"55":14,"56":14,"57":14,"58":14,"59":14,"60":0,"61":14,"62":0,"63":14,"64":14,"65":14,"66":14,"67":14,"68":14,"69":14,"70":14,"71":14,"72":14,"73":14,"74":62,"75":62,"76":62,"77":62,"78":62,"79":62,"80":62,"81":62,"82":62,"83":23,"84":90,"85":1,"86":1,"87":1,"88":1,"89":1,"90":1,"91":1,"92":1,"93":1,"94":1,"95":1,"96":1,"97":1,"98":1,"99":1,"100":1,"101":1,"102":1,"103":1,"104":1,"105":1,"106":1,"107":1,"108":1,"109":1,"110":1,"111":1,"112":1,"113":1,"114":1,"115":1,"116":1,"117":1,"118":1,"119":1,"120":1,"121":1,"122":1,"123":1,"124":1,"125":1,"126":1,"127":1,"128":1,"129":1,"130":1,"131":1,"132":1,"133":8,"134":8,"135":8,"136":8},"f":{"0":14,"1":14,"2":62,"3":23,"4":90,"5":1},"b":{"0":[14,0],"1":[14,0],"2":[14,0],"3":[14,0],"4":[14,0],"5":[14,0],"6":[14,0],"7":[14,0],"8":[0],"9":[14,14],"10":[14,0],"11":[14,0],"12":[14,0],"13":[14,0],"14":[14,0],"15":[14,14],"16":[14,0],"17":[14,0],"18":[0,14],"19":[0,14],"20":[14],"21":[14,14],"22":[14,14],"23":[14,14],"24":[14,14],"25":[14,0,0,0],"26":[14,14],"27":[14,14],"28":[14,0],"29":[62,62],"30":[62,0],"31":[62,58,58],"32":[62,60,58,56],"33":[62,42,8,41,36,36,34],"34":[62,60,58,56,54,52,50,48,46,44],"35":[8,54],"36":[8,54],"37":[1,0],"38":[1,0],"39":[1,0],"40":[1,0],"41":[1,0],"42":[1,0],"43":[1,0],"44":[1,0],"45":[1,0],"46":[0,1],"47":[1,0],"48":[1,0],"49":[1,0],"50":[1,0],"51":[1,0],"52":[1,0],"53":[1,0],"54":[1,0],"55":[1,0],"56":[0,1],"57":[0,0],"58":[1,0],"59":[0,1],"60":[0,1],"61":[0,1],"62":[0,1],"63":[0,1],"64":[0,0],"65":[1,0],"66":[0,1],"67":[0,1]}}
,"/home/gmzcodes/projects/clabs/KMS-server-new/src/lib/server/errors/error.ts": {"path":"/home/gmzcodes/projects/clabs/KMS-server-new/src/lib/server/errors/error.ts","statementMap":{"0":{"start":{"line":1,"column":0},"end":{"line":1,"column":48}},"1":{"start":{"line":23,"column":0},"end":{"line":23,"column":null}},"2":{"start":{"line":24,"column":2},"end":{"line":24,"column":null}},"3":{"start":{"line":25,"column":2},"end":{"line":25,"column":null}},"4":{"start":{"line":26,"column":2},"end":{"line":26,"column":null}},"5":{"start":{"line":27,"column":2},"end":{"line":27,"column":null}},"6":{"start":{"line":28,"column":2},"end":{"line":28,"column":null}},"7":{"start":{"line":29,"column":2},"end":{"line":29,"column":null}},"8":{"start":{"line":30,"column":2},"end":{"line":30,"column":null}},"9":{"start":{"line":45,"column":4},"end":{"line":45,"column":12}},"10":{"start":{"line":48,"column":4},"end":{"line":48,"column":19}},"11":{"start":{"line":49,"column":4},"end":{"line":49,"column":42}},"12":{"start":{"line":50,"column":4},"end":{"line":50,"column":34}},"13":{"start":{"line":53,"column":4},"end":{"line":53,"column":17}},"14":{"start":{"line":54,"column":4},"end":{"line":54,"column":33}},"15":{"start":{"line":55,"column":4},"end":{"line":55,"column":45}},"16":{"start":{"line":57,"column":4},"end":{"line":61,"column":5}},"17":{"start":{"line":58,"column":6},"end":{"line":58,"column":25}},"18":{"start":{"line":59,"column":11},"end":{"line":61,"column":5}},"19":{"start":{"line":60,"column":6},"end":{"line":60,"column":41}},"20":{"start":{"line":64,"column":4},"end":{"line":66,"column":5}},"21":{"start":{"line":65,"column":6},"end":{"line":65,"column":154}},"22":{"start":{"line":70,"column":41},"end":{"line":76,"column":6}},"23":{"start":{"line":78,"column":4},"end":{"line":88,"column":5}},"24":{"start":{"line":79,"column":6},"end":{"line":79,"column":71}},"25":{"start":{"line":81,"column":6},"end":{"line":87,"column":7}},"26":{"start":{"line":82,"column":8},"end":{"line":86,"column":10}},"27":{"start":{"line":90,"column":4},"end":{"line":90,"column":25}},"28":{"start":{"line":94,"column":44},"end":{"line":94,"column":48}},"29":{"start":{"line":95,"column":24},"end":{"line":95,"column":52}},"30":{"start":{"line":97,"column":4},"end":{"line":97,"column":35}},"31":{"start":{"line":97,"column":16},"end":{"line":97,"column":35}},"32":{"start":{"line":99,"column":4},"end":{"line":99,"column":79}},"33":{"start":{"line":33,"column":0},"end":{"line":33,"column":13}}},"fnMap":{"0":{"name":"(anonymous_0)","decl":{"start":{"line":23,"column":0},"end":{"line":23,"column":12}},"loc":{"start":{"line":23,"column":25},"end":{"line":31,"column":1}}},"1":{"name":"(anonymous_1)","decl":{"start":{"line":39,"column":2},"end":{"line":39,"column":null}},"loc":{"start":{"line":43,"column":19},"end":{"line":67,"column":3}}},"2":{"name":"(anonymous_2)","decl":{"start":{"line":69,"column":2},"end":{"line":69,"column":18}},"loc":{"start":{"line":69,"column":18},"end":{"line":91,"column":3}}},"3":{"name":"(anonymous_3)","decl":{"start":{"line":93,"column":2},"end":{"line":93,"column":8}},"loc":{"start":{"line":93,"column":8},"end":{"line":100,"column":3}}}},"branchMap":{"0":{"loc":{"start":{"line":23,"column":12},"end":{"line":23,"column":null}},"type":"binary-expr","locations":[{"start":{"line":23,"column":12},"end":{"line":23,"column":25}},{"start":{"line":23,"column":25},"end":{"line":23,"column":null}}]},"1":{"loc":{"start":{"line":49,"column":19},"end":{"line":49,"column":41}},"type":"binary-expr","locations":[{"start":{"line":49,"column":19},"end":{"line":49,"column":35}},{"start":{"line":49,"column":39},"end":{"line":49,"column":41}}]},"2":{"loc":{"start":{"line":57,"column":4},"end":{"line":61,"column":5}},"type":"if","locations":[{"start":{"line":57,"column":4},"end":{"line":61,"column":5}},{"start":{"line":59,"column":11},"end":{"line":61,"column":5}}]},"3":{"loc":{"start":{"line":59,"column":11},"end":{"line":61,"column":5}},"type":"if","locations":[{"start":{"line":59,"column":11},"end":{"line":61,"column":5}}]},"4":{"loc":{"start":{"line":59,"column":15},"end":{"line":59,"column":69}},"type":"binary-expr","locations":[{"start":{"line":59,"column":15},"end":{"line":59,"column":40}},{"start":{"line":59,"column":44},"end":{"line":59,"column":69}}]},"5":{"loc":{"start":{"line":64,"column":4},"end":{"line":66,"column":5}},"type":"if","locations":[{"start":{"line":64,"column":4},"end":{"line":66,"column":5}}]},"6":{"loc":{"start":{"line":64,"column":8},"end":{"line":64,"column":97}},"type":"binary-expr","locations":[{"start":{"line":64,"column":8},"end":{"line":64,"column":39}},{"start":{"line":64,"column":43},"end":{"line":64,"column":95}}]},"7":{"loc":{"start":{"line":64,"column":43},"end":{"line":64,"column":95}},"type":"cond-expr","locations":[{"start":{"line":64,"column":53},"end":{"line":64,"column":55}},{"start":{"line":64,"column":53},"end":{"line":64,"column":95}}]},"8":{"loc":{"start":{"line":64,"column":43},"end":{"line":64,"column":55}},"type":"binary-expr","locations":[{"start":{"line":64,"column":43},"end":{"line":64,"column":55}},{"start":{"line":64,"column":53},"end":{"line":64,"column":55}}]},"9":{"loc":{"start":{"line":65,"column":89},"end":{"line":65,"column":151}},"type":"cond-expr","locations":[{"start":{"line":65,"column":113},"end":{"line":65,"column":145}},{"start":{"line":65,"column":148},"end":{"line":65,"column":151}}]},"10":{"loc":{"start":{"line":78,"column":4},"end":{"line":88,"column":5}},"type":"if","locations":[{"start":{"line":78,"column":4},"end":{"line":88,"column":5}}]},"11":{"loc":{"start":{"line":81,"column":6},"end":{"line":87,"column":7}},"type":"if","locations":[{"start":{"line":81,"column":6},"end":{"line":87,"column":7}}]},"12":{"loc":{"start":{"line":97,"column":4},"end":{"line":97,"column":35}},"type":"if","locations":[{"start":{"line":97,"column":4},"end":{"line":97,"column":35}}]},"13":{"loc":{"start":{"line":99,"column":11},"end":{"line":99,"column":78}},"type":"cond-expr","locations":[{"start":{"line":99,"column":43},"end":{"line":99,"column":48}},{"start":{"line":99,"column":51},"end":{"line":99,"column":78}}]}},"s":{"0":5,"1":5,"2":5,"3":5,"4":5,"5":5,"6":5,"7":5,"8":5,"9":37,"10":37,"11":37,"12":37,"13":37,"14":37,"15":37,"16":37,"17":0,"18":37,"19":22,"20":37,"21":0,"22":0,"23":0,"24":0,"25":0,"26":0,"27":0,"28":0,"29":0,"30":0,"31":0,"32":0,"33":5},"f":{"0":5,"1":37,"2":0,"3":0},"b":{"0":[5,5],"1":[37,0],"2":[0,37],"3":[22],"4":[37,15],"5":[0],"6":[37,0],"7":[0,0],"8":[0,0],"9":[0,0],"10":[0],"11":[0],"12":[0],"13":[0,0]}}
[...]
olumn":68}},{"start":{"line":221,"column":72},"end":{"line":221,"column":87}}]},"20":{"loc":{"start":{"line":221,"column":50},"end":{"line":221,"column":68}},"type":"cond-expr","locations":[{"start":{"line":221,"column":57},"end":{"line":221,"column":59}},{"start":{"line":221,"column":50},"end":{"line":221,"column":68}}]},"21":{"loc":{"start":{"line":221,"column":50},"end":{"line":221,"column":59}},"type":"binary-expr","locations":[{"start":{"line":221,"column":50},"end":{"line":221,"column":59}},{"start":{"line":221,"column":50},"end":{"line":221,"column":59}}]},"22":{"loc":{"start":{"line":234,"column":4},"end":{"line":235,"column":70}},"type":"if","locations":[{"start":{"line":234,"column":4},"end":{"line":235,"column":70}}]},"23":{"loc":{"start":{"line":234,"column":8},"end":{"line":234,"column":26}},"type":"cond-expr","locations":[{"start":{"line":234,"column":15},"end":{"line":234,"column":17}},{"start":{"line":234,"column":8},"end":{"line":234,"column":26}}]},"24":{"loc":{"start":{"line":234,"column":8},"end":{"line":234,"column":17}},"type":"binary-expr","locations":[{"start":{"line":234,"column":8},"end":{"line":234,"column":17}},{"start":{"line":234,"column":8},"end":{"line":234,"column":17}}]},"25":{"loc":{"start":{"line":239,"column":17},"end":{"line":239,"column":46}},"type":"binary-expr","locations":[{"start":{"line":239,"column":17},"end":{"line":239,"column":32}},{"start":{"line":239,"column":36},"end":{"line":239,"column":46}}]},"26":{"loc":{"start":{"line":239,"column":17},"end":{"line":239,"column":32}},"type":"cond-expr","locations":[{"start":{"line":239,"column":24},"end":{"line":239,"column":26}},{"start":{"line":239,"column":17},"end":{"line":239,"column":32}}]},"27":{"loc":{"start":{"line":239,"column":17},"end":{"line":239,"column":26}},"type":"binary-expr","locations":[{"start":{"line":239,"column":17},"end":{"line":239,"column":26}},{"start":{"line":239,"column":17},"end":{"line":239,"column":26}}]},"28":{"loc":{"start":{"line":239,"column":50},"end":{"line":239,"column":91}},"type":"binary-expr","locations":[{"start":{"line":239,"column":50},"end":{"line":239,"column":70}},{"start":{"line":239,"column":74},"end":{"line":239,"column":91}}]},"29":{"loc":{"start":{"line":239,"column":50},"end":{"line":239,"column":70}},"type":"cond-expr","locations":[{"start":{"line":239,"column":57},"end":{"line":239,"column":59}},{"start":{"line":239,"column":50},"end":{"line":239,"column":70}}]},"30":{"loc":{"start":{"line":239,"column":50},"end":{"line":239,"column":59}},"type":"binary-expr","locations":[{"start":{"line":239,"column":50},"end":{"line":239,"column":59}},{"start":{"line":239,"column":50},"end":{"line":239,"column":59}}]},"31":{"loc":{"start":{"line":252,"column":14},"end":{"line":252,"column":27}},"type":"cond-expr","locations":[{"start":{"line":252,"column":21},"end":{"line":252,"column":23}},{"start":{"line":252,"column":14},"end":{"line":252,"column":27}}]},"32":{"loc":{"start":{"line":252,"column":14},"end":{"line":252,"column":23}},"type":"binary-expr","locations":[{"start":{"line":252,"column":14},"end":{"line":252,"column":23}},{"start":{"line":252,"column":14},"end":{"line":252,"column":23}}]},"33":{"loc":{"start":{"line":269,"column":14},"end":{"line":269,"column":53}},"type":"binary-expr","locations":[{"start":{"line":269,"column":14},"end":{"line":269,"column":27}},{"start":{"line":269,"column":31},"end":{"line":269,"column":53}}]},"34":{"loc":{"start":{"line":269,"column":14},"end":{"line":269,"column":27}},"type":"cond-expr","locations":[{"start":{"line":269,"column":21},"end":{"line":269,"column":23}},{"start":{"line":269,"column":14},"end":{"line":269,"column":27}}]},"35":{"loc":{"start":{"line":269,"column":14},"end":{"line":269,"column":23}},"type":"binary-expr","locations":[{"start":{"line":269,"column":14},"end":{"line":269,"column":23}},{"start":{"line":269,"column":14},"end":{"line":269,"column":23}}]},"36":{"loc":{"start":{"line":283,"column":14},"end":{"line":283,"column":53}},"type":"binary-expr","locations":[{"start":{"line":283,"column":14},"end":{"line":283,"column":27}},{"start":{"line":283,"column":31},"end":{"line":283,"column":53}}]},"37":{"loc":{"start":{"line":283,"column":14},"end":{"line":283,"column":27}},"type":"cond-expr","locations":[{"start":{"line":283,"column":21},"end":{"line":283,"column":23}},{"start":{"line":283,"column":14},"end":{"line":283,"column":27}}]},"38":{"loc":{"start":{"line":283,"column":14},"end":{"line":283,"column":23}},"type":"binary-expr","locations":[{"start":{"line":283,"column":14},"end":{"line":283,"column":23}},{"start":{"line":283,"column":14},"end":{"line":283,"column":23}}]},"39":{"loc":{"start":{"line":342,"column":4},"end":{"line":344,"column":5}},"type":"if","locations":[{"start":{"line":342,"column":4},"end":{"line":344,"column":5}}]},"40":{"loc":{"start":{"line":342,"column":8},"end":{"line":342,"column":38}},"type":"binary-expr","locations":[{"start":{"line":342,"column":8},"end":{"line":342,"column":16}},{"start":{"line":342,"column":20},"end":{"line":342,"column":38}}]},"41":{"loc":{"start":{"line":346,"column":4},"end":{"line":348,"column":5}},"type":"if","locations":[{"start":{"line":346,"column":4},"end":{"line":348,"column":5}}]},"42":{"loc":{"start":{"line":356,"column":28},"end":{"line":358,"column":25}},"type":"cond-expr","locations":[{"start":{"line":357,"column":8},"end":{"line":357,"column":54}},{"start":{"line":358,"column":8},"end":{"line":358,"column":25}}]},"43":{"loc":{"start":{"line":357,"column":20},"end":{"line":357,"column":43}},"type":"binary-expr","locations":[{"start":{"line":357,"column":20},"end":{"line":357,"column":37}},{"start":{"line":357,"column":41},"end":{"line":357,"column":43}}]},"44":{"loc":{"start":{"line":379,"column":4},"end":{"line":381,"column":5}},"type":"if","locations":[{"start":{"line":379,"column":4},"end":{"line":381,"column":5}}]},"45":{"loc":{"start":{"line":379,"column":8},"end":{"line":379,"column":39}},"type":"binary-expr","locations":[{"start":{"line":379,"column":8},"end":{"line":379,"column":16}},{"start":{"line":379,"column":20},"end":{"line":379,"column":39}}]},"46":{"loc":{"start":{"line":383,"column":4},"end":{"line":385,"column":5}},"type":"if","locations":[{"start":{"line":383,"column":4},"end":{"line":385,"column":5}}]},"47":{"loc":{"start":{"line":393,"column":29},"end":{"line":395,"column":26}},"type":"cond-expr","locations":[{"start":{"line":394,"column":8},"end":{"line":394,"column":55}},{"start":{"line":395,"column":8},"end":{"line":395,"column":26}}]},"48":{"loc":{"start":{"line":394,"column":20},"end":{"line":394,"column":44}},"type":"binary-expr","locations":[{"start":{"line":394,"column":20},"end":{"line":394,"column":38}},{"start":{"line":394,"column":42},"end":{"line":394,"column":44}}]},"49":{"loc":{"start":{"line":442,"column":4},"end":{"line":444,"column":5}},"type":"if","locations":[{"start":{"line":442,"column":4},"end":{"line":444,"column":5}}]},"50":{"loc":{"start":{"line":442,"column":8},"end":{"line":442,"column":33}},"type":"binary-expr","locations":[{"start":{"line":442,"column":8},"end":{"line":442,"column":16}},{"start":{"line":442,"column":20},"end":{"line":442,"column":33}}]},"51":{"loc":{"start":{"line":446,"column":4},"end":{"line":448,"column":5}},"type":"if","locations":[{"start":{"line":446,"column":4},"end":{"line":448,"column":5}}]},"52":{"loc":{"start":{"line":450,"column":23},"end":{"line":452,"column":20}},"type":"cond-expr","locations":[{"start":{"line":451,"column":8},"end":{"line":451,"column":49}},{"start":{"line":452,"column":8},"end":{"line":452,"column":20}}]},"53":{"loc":{"start":{"line":451,"column":20},"end":{"line":451,"column":38}},"type":"binary-expr","locations":[{"start":{"line":451,"column":20},"end":{"line":451,"column":32}},{"start":{"line":451,"column":36},"end":{"line":451,"column":38}}]}},"s":{"0":7,"1":7,"2":7,"3":7,"4":6,"5":4,"6":4,"7":4,"8":1,"9":1,"10":1,"11":1,"12":1,"13":1,"14":1,"15":1,"16":1,"17":1,"18":1,"19":1,"20":1,"21":1,"22":1,"23":1,"24":1,"25":1,"26":1,"27":1,"28":1,"29":1,"30":1,"31":1,"32":1,"33":1,"34":1,"35":7,"36":16,"37":21,"38":9,"39":1,"40":4,"41":0,"42":4,"43":8,"44":8,"45":0,"46":4,"47":4,"48":2,"49":1,"50":0,"51":0,"52":7,"53":0,"54":7,"55":0,"56":7,"57":7,"58":7,"59":7,"60":7,"61":10,"62":0,"63":10,"64":0,"65":10,"66":10,"67":10,"68":10,"69":10,"70":1,"71":1,"72":1,"73":1,"74":4,"75":0,"76":4,"77":0,"78":4,"79":4,"80":4,"81":7,"82":7,"83":7,"84":7,"85":7,"86":7,"87":7,"88":7,"89":7},"f":{"0":6,"1":4,"2":1,"3":7,"4":16,"5":21,"6":9,"7":1,"8":4,"9":8,"10":4,"11":4,"12":2,"13":1,"14":0,"15":0,"16":7,"17":10,"18":1,"19":4},"b":{"0":[0,1],"1":[1,1],"2":[0,0],"3":[0,1],"4":[1,1],"5":[0,0],"6":[0,1],"7":[1,1],"8":[0,0],"9":[0,1],"10":[1,1],"11":[0,0],"12":[1,1],"13":[0],"14":[0,4],"15":[4,4],"16":[4,0],"17":[0,4],"18":[4,4],"19":[4,0],"20":[0,4],"21":[4,4],"22":[8],"23":[0,8],"24":[8,8],"25":[0,0],"26":[0,0],"27":[0,0],"28":[0,0],"29":[0,0],"30":[0,0],"31":[0,4],"32":[4,4],"33":[4,0],"34":[0,4],"35":[4,4],"36":[2,0],"37":[0,2],"38":[2,2],"39":[0],"40":[7,7],"41":[0],"42":[0,7],"43":[0,0],"44":[0],"45":[10,10],"46":[0],"47":[0,10],"48":[0,0],"49":[0],"50":[4,4],"51":[0],"52":[0,4],"53":[0,0]}}
,"/home/gmzcodes/projects/clabs/KMS-server-new/src/lib/utils/log/log.utils.ts": {"path":"/home/gmzcodes/projects/clabs/KMS-server-new/src/lib/utils/log/log.utils.ts","statementMap":{"0":{"start":{"line":6,"column":0},"end":{"line":6,"column":16}},"1":{"start":{"line":29,"column":0},"end":{"line":29,"column":16}},"2":{"start":{"line":38,"column":0},"end":{"line":38,"column":16}},"3":{"start":{"line":47,"column":0},"end":{"line":47,"column":16}},"4":{"start":{"line":59,"column":0},"end":{"line":59,"column":16}},"5":{"start":{"line":1,"column":0},"end":{"line":1,"column":58}},"6":{"start":{"line":2,"column":0},"end":{"line":2,"column":62}},"7":{"start":{"line":10,"column":2},"end":{"line":10,"column":72}},"8":{"start":{"line":10,"column":22},"end":{"line":10,"column":72}},"9":{"start":{"line":12,"column":2},"end":{"line":12,"column":35}},"10":{"start":{"line":12,"column":16},"end":{"line":12,"column":35}},"11":{"start":{"line":19,"column":6},"end":{"line":19,"column":13}},"12":{"start":{"line":21,"column":2},"end":{"line":21,"column":121}},"13":{"start":{"line":24,"column":13},"end":{"line":24,"column":23}},"14":{"start":{"line":25,"column":14},"end":{"line":25,"column":24}},"15":{"start":{"line":26,"column":12},"end":{"line":26,"column":22}},"16":{"start":{"line":27,"column":14},"end":{"line":27,"column":23}},"17":{"start":{"line":31,"column":2},"end":{"line":31,"column":65}},"18":{"start":{"line":31,"column":58},"end":{"line":31,"column":65}},"19":{"start":{"line":33,"column":2},"end":{"line":35,"column":4}},"20":{"start":{"line":40,"column":2},"end":{"line":40,"column":65}},"21":{"start":{"line":40,"column":58},"end":{"line":40,"column":65}},"22":{"start":{"line":42,"column":2},"end":{"line":44,"column":4}},"23":{"start":{"line":52,"column":2},"end":{"line":52,"column":65}},"24":{"start":{"line":52,"column":58},"end":{"line":52,"column":65}},"25":{"start":{"line":54,"column":2},"end":{"line":56,"column":4}},"26":{"start":{"line":65,"column":2},"end":{"line":65,"column":65}},"27":{"start":{"line":65,"column":58},"end":{"line":65,"column":65}},"28":{"start":{"line":67,"column":2},"end":{"line":69,"column":4}}},"fnMap":{"0":{"name":"getDevelopmentOnlyTokenID","decl":{"start":{"line":6,"column":16},"end":{"line":6,"column":41}},"loc":{"start":{"line":7,"column":36},"end":{"line":22,"column":1}}},"1":{"name":"logRequestStart","decl":{"start":{"line":29,"column":16},"end":{"line":29,"column":31}},"loc":{"start":{"line":29,"column":76},"end":{"line":36,"column":1}}},"2":{"name":"logRequestInfo","decl":{"start":{"line":38,"column":16},"end":{"line":38,"column":30}},"loc":{"start":{"line":38,"column":49},"end":{"line":45,"column":1}}},"3":{"name":"logRequestSuccess","decl":{"start":{"line":47,"column":16},"end":{"line":47,"column":33}},"loc":{"start":{"line":49,"column":29},"end":{"line":57,"column":1}}},"4":{"name":"logRequestError","decl":{"start":{"line":59,"column":16},"end":{"line":59,"column":31}},"loc":{"start":{"line":62,"column":16},"end":{"line":70,"column":1}}}},"branchMap":{"0":{"loc":{"start":{"line":10,"column":2},"end":{"line":10,"column":72}},"type":"if","locations":[{"start":{"line":10,"column":2},"end":{"line":10,"column":72}}]},"1":{"loc":{"start":{"line":12,"column":2},"end":{"line":12,"column":35}},"type":"if","locations":[{"start":{"line":12,"column":2},"end":{"line":12,"column":35}}]},"2":{"loc":{"start":{"line":21,"column":12},"end":{"line":21,"column":24}},"type":"binary-expr","locations":[{"start":{"line":21,"column":12},"end":{"line":21,"column":17}},{"start":{"line":21,"column":21},"end":{"line":21,"column":24}}]},"3":{"loc":{"start":{"line":21,"column":29},"end":{"line":21,"column":39}},"type":"binary-expr","locations":[{"start":{"line":21,"column":29},"end":{"line":21,"column":32}},{"start":{"line":21,"column":36},"end":{"line":21,"column":39}}]},"4":{"loc":{"start":{"line":21,"column":44},"end":{"line":21,"column":118}},"type":"cond-expr","locations":[{"start":{"line":21,"column":59},"end":{"line":21,"column":112}},{"start":{"line":21,"column":115},"end":{"line":21,"column":118}}]},"5":{"loc":{"start":{"line":31,"column":2},"end":{"line":31,"column":65}},"type":"if","locations":[{"start":{"line":31,"column":2},"end":{"line":31,"column":65}}]},"6":{"loc":{"start":{"line":31,"column":6},"end":{"line":31,"column":56}},"type":"binary-expr","locations":[{"start":{"line":31,"column":6},"end":{"line":31,"column":20}},{"start":{"line":31,"column":24},"end":{"line":31,"column":38}},{"start":{"line":31,"column":42},"end":{"line":31,"column":56}}]},"7":{"loc":{"start":{"line":40,"column":2},"end":{"line":40,"column":65}},"type":"if","locations":[{"start":{"line":40,"column":2},"end":{"line":40,"column":65}}]},"8":{"loc":{"start":{"line":40,"column":6},"end":{"line":40,"column":56}},"type":"binary-expr","locations":[{"start":{"line":40,"column":6},"end":{"line":40,"column":20}},{"start":{"line":40,"column":24},"end":{"line":40,"column":38}},{"start":{"line":40,"column":42},"end":{"line":40,"column":56}}]},"9":{"loc":{"start":{"line":52,"column":2},"end":{"line":52,"column":65}},"type":"if","locations":[{"start":{"line":52,"column":2},"end":{"line":52,"column":65}}]},"10":{"loc":{"start":{"line":52,"column":6},"end":{"line":52,"column":56}},"type":"binary-expr","locations":[{"start":{"line":52,"column":6},"end":{"line":52,"column":20}},{"start":{"line":52,"column":24},"end":{"line":52,"column":38}},{"start":{"line":52,"column":42},"end":{"line":52,"column":56}}]},"11":{"loc":{"start":{"line":65,"column":2},"end":{"line":65,"column":65}},"type":"if","locations":[{"start":{"line":65,"column":2},"end":{"line":65,"column":65}}]},"12":{"loc":{"start":{"line":65,"column":6},"end":{"line":65,"column":56}},"type":"binary-expr","locations":[{"start":{"line":65,"column":6},"end":{"line":65,"column":20}},{"start":{"line":65,"column":24},"end":{"line":65,"column":38}},{"start":{"line":65,"column":42},"end":{"line":65,"column":56}}]},"13":{"loc":{"start":{"line":68,"column":69},"end":{"line":68,"column":133}},"type":"cond-expr","locations":[{"start":{"line":68,"column":106},"end":{"line":68,"column":120}},{"start":{"line":68,"column":123},"end":{"line":68,"column":133}}]}},"s":{"0":5,"1":5,"2":5,"3":5,"4":5,"5":5,"6":5,"7":0,"8":0,"9":0,"10":0,"11":0,"12":0,"13":5,"14":5,"15":5,"16":5,"17":52,"18":52,"19":0,"20":30,"21":30,"22":0,"23":14,"24":14,"25":0,"26":0,"27":0,"28":0},"f":{"0":0,"1":52,"2":30,"3":14,"4":0},"b":{"0":[0],"1":[0],"2":[0,0],"3":[0,0],"4":[0,0],"5":[52],"6":[52,52,0],"7":[30],"8":[30,30,0],"9":[14],"10":[14,14,0],"11":[0],"12":[0,0,0],"13":[0,0]}}
,"/home/gmzcodes/projects/clabs/KMS-server-new/src/lib/utils/slack/slack.utils.ts": {"path":"/home/gmzcodes/projects/clabs/KMS-server-new/src/lib/utils/slack/slack.utils.ts","statementMap":{"0":{"start":{"line":9,"column":0},"end":{"line":9,"column":7}},"1":{"start":{"line":39,"column":0},"end":{"line":39,"column":7}},"2":{"start":{"line":1,"column":0},"end":{"line":1,"column":26}},"3":{"start":{"line":3,"column":0},"end":{"line":3,"column":58}},"4":{"start":{"line":5,"column":0},"end":{"line":5,"column":66}},"5":{"start":{"line":7,"column":0},"end":{"line":7,"column":77}},"6":{"start":{"line":13,"column":2},"end":{"line":13,"column":36}},"7":{"start":{"line":13,"column":29},"end":{"line":13,"column":36}},"8":{"start":{"line":15,"column":2},"end":{"line":36,"column":3}},"9":{"start":{"line":16,"column":22},"end":{"line":16,"column":54}},"10":{"start":{"line":19,"column":20},"end":{"line":19,"column":70}},"11":{"start":{"line":21,"column":4},"end":{"line":33,"column":6}},"12":{"start":{"line":35,"column":4},"end":{"line":35,"column":67}},"13":{"start":{"line":44,"column":2},"end":{"line":44,"column":36}},"14":{"start":{"line":44,"column":29},"end":{"line":44,"column":36}},"15":{"start":{"line":46,"column":2},"end":{"line":79,"column":3}},"16":{"start":{"line":47,"column":33},"end":{"line":47,"column":57}},"17":{"start":{"line":48,"column":18},"end":{"line":48,"column":21}},"18":{"start":{"line":50,"column":4},"end":{"line":55,"column":5}},"19":{"start":{"line":51,"column":6},"end":{"line":51,"column":23}},"20":{"start":{"line":52,"column":6},"end":{"line":52,"column":37}},"21":{"start":{"line":53,"column":11},"end":{"line":55,"column":5}},"22":{"start":{"line":54,"column":6},"end":{"line":54,"column":50}},"23":{"start":{"line":57,"column":23},"end":{"line":57,"column":45}},"24":{"start":{"line":62,"column":32},"end":{"line":62,"column":112}},"25":{"start":{"line":64,"column":4},"end":{"line":76,"column":6}},"26":{"start":{"line":78,"column":4},"end":{"line":78,"column":60}}},"fnMap":{"0":{"name":"notifyUserCreationOnSlack","decl":{"start":{"line":9,"column":22},"end":{"line":9,"column":47}},"loc":{"start":{"line":10,"column":79},"end":{"line":37,"column":1}}},"1":{"name":"notifyErrorOnSlack","decl":{"start":{"line":39,"column":22},"end":{"line":39,"column":40}},"loc":{"start":{"line":41,"column":14},"end":{"line":80,"column":1}}}},"branchMap":{"0":{"loc":{"start":{"line":13,"column":2},"end":{"line":13,"column":36}},"type":"if","locations":[{"start":{"line":13,"column":2},"end":{"line":13,"column":36}}]},"1":{"loc":{"start":{"line":44,"column":2},"end":{"line":44,"column":36}},"type":"if","locations":[{"start":{"line":44,"column":2},"end":{"line":44,"column":36}}]},"2":{"loc":{"start":{"line":50,"column":4},"end":{"line":55,"column":5}},"type":"if","locations":[{"start":{"line":50,"column":4},"end":{"line":55,"column":5}},{"start":{"line":53,"column":11},"end":{"line":55,"column":5}}]},"3":{"loc":{"start":{"line":53,"column":11},"end":{"line":55,"column":5}},"type":"if","locations":[{"start":{"line":53,"column":11},"end":{"line":55,"column":5}}]}},"s":{"0":1,"1":1,"2":1,"3":1,"4":1,"5":1,"6":2,"7":2,"8":0,"9":0,"10":0,"11":0,"12":0,"13":0,"14":0,"15":0,"16":0,"17":0,"18":0,"19":0,"20":0,"21":0,"22":0,"23":0,"24":0,"25":0,"26":0},"f":{"0":2,"1":0},"b":{"0":[2],"1":[0],"2":[0,0],"3":[0]}}
,"/home/gmzcodes/projects/clabs/KMS-server-new/src/lib/utils/tools/delay.ts": {"path":"/home/gmzcodes/projects/clabs/KMS-server-new/src/lib/utils/tools/delay.ts","statementMap":{"0":{"start":{"line":2,"column":21},"end":{"line":2,"column":70}},"1":{"start":{"line":2,"column":29},"end":{"line":2,"column":70}},"2":{"start":{"line":2,"column":50},"end":{"line":2,"column":69}},"3":{"start":{"line":2,"column":13},"end":{"line":2,"column":21}}},"fnMap":{"0":{"name":"(anonymous_0)","decl":{"start":{"line":2,"column":21},"end":{"line":2,"column":22}},"loc":{"start":{"line":2,"column":29},"end":{"line":2,"column":70}}},"1":{"name":"(anonymous_1)","decl":{"start":{"line":2,"column":41},"end":{"line":2,"column":42}},"loc":{"start":{"line":2,"column":50},"end":{"line":2,"column":69}}}},"branchMap":{},"s":{"0":1,"1":0,"2":0,"3":1},"f":{"0":0,"1":0},"b":{}}
}
